{"/Users/leon/pulsartests-1/pulsar-manager-react/src/api/client.ts": {"path":"/Users/leon/pulsartests-1/pulsar-manager-react/src/api/client.ts","statementMap":{"0":{"start":{"line":4,"column":12},"end":{"line":10,"column":null}},"1":{"start":{"line":13,"column":0},"end":{"line":23,"column":null}},"2":{"start":{"line":15,"column":20},"end":{"line":15,"column":null}},"3":{"start":{"line":16,"column":4},"end":{"line":19,"column":null}},"4":{"start":{"line":17,"column":8},"end":{"line":17,"column":null}},"5":{"start":{"line":18,"column":8},"end":{"line":18,"column":null}},"6":{"start":{"line":20,"column":4},"end":{"line":20,"column":null}},"7":{"start":{"line":22,"column":4},"end":{"line":22,"column":null}},"8":{"start":{"line":26,"column":0},"end":{"line":39,"column":null}},"9":{"start":{"line":27,"column":18},"end":{"line":27,"column":null}},"10":{"start":{"line":29,"column":8},"end":{"line":36,"column":null}},"11":{"start":{"line":30,"column":28},"end":{"line":30,"column":null}},"12":{"start":{"line":31,"column":12},"end":{"line":31,"column":null}},"13":{"start":{"line":32,"column":8},"end":{"line":36,"column":null}},"14":{"start":{"line":33,"column":12},"end":{"line":33,"column":null}},"15":{"start":{"line":35,"column":12},"end":{"line":35,"column":null}},"16":{"start":{"line":37,"column":8},"end":{"line":37,"column":null}},"17":{"start":{"line":44,"column":25},"end":{"line":49,"column":null}}},"fnMap":{"0":{"name":"(anonymous_0)","decl":{"start":{"line":13,"column":29},"end":{"line":13,"column":30}},"loc":{"start":{"line":13,"column":41},"end":{"line":23,"column":1}},"line":13},"1":{"name":"(anonymous_1)","decl":{"start":{"line":27,"column":4},"end":{"line":27,"column":5}},"loc":{"start":{"line":27,"column":18},"end":{"line":27,"column":null}},"line":27},"2":{"name":"(anonymous_2)","decl":{"start":{"line":28,"column":4},"end":{"line":28,"column":5}},"loc":{"start":{"line":28,"column":65},"end":{"line":38,"column":null}},"line":28}},"branchMap":{"0":{"loc":{"start":{"line":5,"column":13},"end":{"line":5,"column":null}},"type":"binary-expr","locations":[{"start":{"line":5,"column":13},"end":{"line":5,"column":50}},{"start":{"line":5,"column":50},"end":{"line":5,"column":null}}],"line":5},"1":{"loc":{"start":{"line":16,"column":4},"end":{"line":19,"column":null}},"type":"if","locations":[{"start":{"line":16,"column":4},"end":{"line":19,"column":null}},{"start":{},"end":{}}],"line":16},"2":{"loc":{"start":{"line":29,"column":8},"end":{"line":36,"column":null}},"type":"if","locations":[{"start":{"line":29,"column":8},"end":{"line":36,"column":null}},{"start":{"line":32,"column":8},"end":{"line":36,"column":null}}],"line":29},"3":{"loc":{"start":{"line":30,"column":28},"end":{"line":30,"column":null}},"type":"binary-expr","locations":[{"start":{"line":30,"column":28},"end":{"line":30,"column":60}},{"start":{"line":30,"column":60},"end":{"line":30,"column":90}},{"start":{"line":30,"column":90},"end":{"line":30,"column":null}}],"line":30},"4":{"loc":{"start":{"line":32,"column":8},"end":{"line":36,"column":null}},"type":"if","locations":[{"start":{"line":32,"column":8},"end":{"line":36,"column":null}},{"start":{"line":34,"column":15},"end":{"line":36,"column":null}}],"line":32},"5":{"loc":{"start":{"line":45,"column":13},"end":{"line":45,"column":null}},"type":"binary-expr","locations":[{"start":{"line":45,"column":13},"end":{"line":45,"column":52}},{"start":{"line":45,"column":52},"end":{"line":45,"column":null}}],"line":45}},"s":{"0":5,"1":5,"2":138,"3":138,"4":5,"5":5,"6":138,"7":138,"8":5,"9":138,"10":0,"11":0,"12":0,"13":0,"14":0,"15":0,"16":0,"17":5},"f":{"0":138,"1":138,"2":0},"b":{"0":[5,5],"1":[5,133],"2":[0,0],"3":[0,0,0],"4":[0,0],"5":[5,5]},"meta":{"lastBranch":6,"lastFunction":3,"lastStatement":18,"seen":{"s:4:12:10:Infinity":0,"b:5:13:5:50:5:50:5:Infinity":0,"s:13:0:23:Infinity":1,"f:13:29:13:30":0,"s:15:20:15:Infinity":2,"b:16:4:19:Infinity:undefined:undefined:undefined:undefined":1,"s:16:4:19:Infinity":3,"s:17:8:17:Infinity":4,"s:18:8:18:Infinity":5,"s:20:4:20:Infinity":6,"s:22:4:22:Infinity":7,"s:26:0:39:Infinity":8,"f:27:4:27:5":1,"s:27:18:27:Infinity":9,"f:28:4:28:5":2,"b:29:8:36:Infinity:32:8:36:Infinity":2,"s:29:8:36:Infinity":10,"s:30:28:30:Infinity":11,"b:30:28:30:60:30:60:30:90:30:90:30:Infinity":3,"s:31:12:31:Infinity":12,"b:32:8:36:Infinity:34:15:36:Infinity":4,"s:32:8:36:Infinity":13,"s:33:12:33:Infinity":14,"s:35:12:35:Infinity":15,"s:37:8:37:Infinity":16,"s:44:25:49:Infinity":17,"b:45:13:45:52:45:52:45:Infinity":5}}}
,"/Users/leon/pulsartests-1/pulsar-manager-react/src/api/hooks.ts": {"path":"/Users/leon/pulsartests-1/pulsar-manager-react/src/api/hooks.ts","statementMap":{"0":{"start":{"line":38,"column":25},"end":{"line":57,"column":null}},"1":{"start":{"line":41,"column":28},"end":{"line":41,"column":null}},"2":{"start":{"line":42,"column":34},"end":{"line":42,"column":null}},"3":{"start":{"line":43,"column":52},"end":{"line":43,"column":null}},"4":{"start":{"line":44,"column":49},"end":{"line":44,"column":null}},"5":{"start":{"line":45,"column":63},"end":{"line":45,"column":null}},"6":{"start":{"line":46,"column":71},"end":{"line":46,"column":null}},"7":{"start":{"line":47,"column":83},"end":{"line":47,"column":null}},"8":{"start":{"line":49,"column":27},"end":{"line":49,"column":null}},"9":{"start":{"line":53,"column":36},"end":{"line":53,"column":null}},"10":{"start":{"line":56,"column":54},"end":{"line":56,"column":null}},"11":{"start":{"line":61,"column":2},"end":{"line":67,"column":null}},"12":{"start":{"line":64,"column":23},"end":{"line":64,"column":null}},"13":{"start":{"line":65,"column":6},"end":{"line":65,"column":null}},"14":{"start":{"line":71,"column":8},"end":{"line":71,"column":null}},"15":{"start":{"line":72,"column":2},"end":{"line":80,"column":null}},"16":{"start":{"line":74,"column":23},"end":{"line":74,"column":null}},"17":{"start":{"line":75,"column":6},"end":{"line":75,"column":null}},"18":{"start":{"line":78,"column":6},"end":{"line":78,"column":null}},"19":{"start":{"line":84,"column":2},"end":{"line":89,"column":null}},"20":{"start":{"line":86,"column":23},"end":{"line":86,"column":null}},"21":{"start":{"line":87,"column":6},"end":{"line":87,"column":null}},"22":{"start":{"line":94,"column":2},"end":{"line":102,"column":null}},"23":{"start":{"line":97,"column":23},"end":{"line":99,"column":null}},"24":{"start":{"line":100,"column":6},"end":{"line":100,"column":null}},"25":{"start":{"line":106,"column":2},"end":{"line":113,"column":null}},"26":{"start":{"line":109,"column":23},"end":{"line":109,"column":null}},"27":{"start":{"line":110,"column":6},"end":{"line":110,"column":null}},"28":{"start":{"line":117,"column":8},"end":{"line":117,"column":null}},"29":{"start":{"line":118,"column":2},"end":{"line":126,"column":null}},"30":{"start":{"line":120,"column":23},"end":{"line":120,"column":null}},"31":{"start":{"line":121,"column":6},"end":{"line":121,"column":null}},"32":{"start":{"line":124,"column":6},"end":{"line":124,"column":null}},"33":{"start":{"line":130,"column":8},"end":{"line":130,"column":null}},"34":{"start":{"line":131,"column":2},"end":{"line":139,"column":null}},"35":{"start":{"line":133,"column":23},"end":{"line":133,"column":null}},"36":{"start":{"line":134,"column":6},"end":{"line":134,"column":null}},"37":{"start":{"line":137,"column":6},"end":{"line":137,"column":null}},"38":{"start":{"line":144,"column":2},"end":{"line":153,"column":null}},"39":{"start":{"line":147,"column":23},"end":{"line":149,"column":null}},"40":{"start":{"line":150,"column":6},"end":{"line":150,"column":null}},"41":{"start":{"line":157,"column":2},"end":{"line":164,"column":null}},"42":{"start":{"line":160,"column":23},"end":{"line":160,"column":null}},"43":{"start":{"line":161,"column":6},"end":{"line":161,"column":null}},"44":{"start":{"line":168,"column":8},"end":{"line":168,"column":null}},"45":{"start":{"line":169,"column":2},"end":{"line":177,"column":null}},"46":{"start":{"line":171,"column":23},"end":{"line":171,"column":null}},"47":{"start":{"line":172,"column":6},"end":{"line":172,"column":null}},"48":{"start":{"line":175,"column":6},"end":{"line":175,"column":null}},"49":{"start":{"line":181,"column":8},"end":{"line":181,"column":null}},"50":{"start":{"line":182,"column":2},"end":{"line":190,"column":null}},"51":{"start":{"line":184,"column":23},"end":{"line":184,"column":null}},"52":{"start":{"line":185,"column":6},"end":{"line":185,"column":null}},"53":{"start":{"line":188,"column":6},"end":{"line":188,"column":null}},"54":{"start":{"line":195,"column":2},"end":{"line":205,"column":null}},"55":{"start":{"line":198,"column":23},"end":{"line":201,"column":null}},"56":{"start":{"line":202,"column":6},"end":{"line":202,"column":null}},"57":{"start":{"line":209,"column":2},"end":{"line":219,"column":null}},"58":{"start":{"line":212,"column":23},"end":{"line":215,"column":null}},"59":{"start":{"line":216,"column":6},"end":{"line":216,"column":null}},"60":{"start":{"line":223,"column":8},"end":{"line":223,"column":null}},"61":{"start":{"line":224,"column":2},"end":{"line":235,"column":null}},"62":{"start":{"line":226,"column":23},"end":{"line":229,"column":null}},"63":{"start":{"line":230,"column":6},"end":{"line":230,"column":null}},"64":{"start":{"line":233,"column":6},"end":{"line":233,"column":null}},"65":{"start":{"line":239,"column":8},"end":{"line":239,"column":null}},"66":{"start":{"line":240,"column":2},"end":{"line":251,"column":null}},"67":{"start":{"line":242,"column":23},"end":{"line":245,"column":null}},"68":{"start":{"line":246,"column":6},"end":{"line":246,"column":null}},"69":{"start":{"line":249,"column":6},"end":{"line":249,"column":null}},"70":{"start":{"line":256,"column":2},"end":{"line":266,"column":null}},"71":{"start":{"line":259,"column":23},"end":{"line":262,"column":null}},"72":{"start":{"line":263,"column":6},"end":{"line":263,"column":null}},"73":{"start":{"line":270,"column":2},"end":{"line":280,"column":null}},"74":{"start":{"line":273,"column":23},"end":{"line":276,"column":null}},"75":{"start":{"line":277,"column":6},"end":{"line":277,"column":null}},"76":{"start":{"line":284,"column":8},"end":{"line":284,"column":null}},"77":{"start":{"line":285,"column":2},"end":{"line":297,"column":null}},"78":{"start":{"line":287,"column":23},"end":{"line":291,"column":null}},"79":{"start":{"line":292,"column":6},"end":{"line":292,"column":null}},"80":{"start":{"line":295,"column":6},"end":{"line":295,"column":null}},"81":{"start":{"line":301,"column":8},"end":{"line":301,"column":null}},"82":{"start":{"line":302,"column":2},"end":{"line":314,"column":null}},"83":{"start":{"line":304,"column":23},"end":{"line":308,"column":null}},"84":{"start":{"line":309,"column":6},"end":{"line":309,"column":null}},"85":{"start":{"line":312,"column":6},"end":{"line":312,"column":null}},"86":{"start":{"line":319,"column":2},"end":{"line":327,"column":null}},"87":{"start":{"line":322,"column":23},"end":{"line":324,"column":null}},"88":{"start":{"line":325,"column":6},"end":{"line":325,"column":null}},"89":{"start":{"line":331,"column":2},"end":{"line":338,"column":null}},"90":{"start":{"line":334,"column":23},"end":{"line":334,"column":null}},"91":{"start":{"line":335,"column":6},"end":{"line":335,"column":null}},"92":{"start":{"line":342,"column":2},"end":{"line":348,"column":null}},"93":{"start":{"line":345,"column":23},"end":{"line":345,"column":null}},"94":{"start":{"line":346,"column":6},"end":{"line":346,"column":null}},"95":{"start":{"line":359,"column":2},"end":{"line":368,"column":null}},"96":{"start":{"line":361,"column":23},"end":{"line":365,"column":null}},"97":{"start":{"line":366,"column":6},"end":{"line":366,"column":null}},"98":{"start":{"line":373,"column":2},"end":{"line":405,"column":null}},"99":{"start":{"line":377,"column":39},"end":{"line":380,"column":null}},"100":{"start":{"line":382,"column":22},"end":{"line":382,"column":null}},"101":{"start":{"line":383,"column":22},"end":{"line":383,"column":null}},"102":{"start":{"line":386,"column":36},"end":{"line":400,"column":null}},"103":{"start":{"line":388,"column":47},"end":{"line":388,"column":79}},"104":{"start":{"line":389,"column":43},"end":{"line":389,"column":71}},"105":{"start":{"line":391,"column":46},"end":{"line":391,"column":78}},"106":{"start":{"line":392,"column":46},"end":{"line":392,"column":78}},"107":{"start":{"line":394,"column":48},"end":{"line":394,"column":76}},"108":{"start":{"line":395,"column":49},"end":{"line":395,"column":78}},"109":{"start":{"line":396,"column":50},"end":{"line":396,"column":84}},"110":{"start":{"line":397,"column":51},"end":{"line":397,"column":86}},"111":{"start":{"line":399,"column":49},"end":{"line":399,"column":79}},"112":{"start":{"line":402,"column":6},"end":{"line":402,"column":null}},"113":{"start":{"line":409,"column":2},"end":{"line":438,"column":null}},"114":{"start":{"line":412,"column":6},"end":{"line":434,"column":null}},"115":{"start":{"line":413,"column":34},"end":{"line":413,"column":null}},"116":{"start":{"line":415,"column":8},"end":{"line":423,"column":null}},"117":{"start":{"line":425,"column":8},"end":{"line":433,"column":null}},"118":{"start":{"line":442,"column":2},"end":{"line":460,"column":null}},"119":{"start":{"line":445,"column":23},"end":{"line":445,"column":null}},"120":{"start":{"line":446,"column":22},"end":{"line":446,"column":null}},"121":{"start":{"line":448,"column":6},"end":{"line":457,"column":null}},"122":{"start":{"line":449,"column":21},"end":{"line":455,"column":10}},"123":{"start":{"line":456,"column":25},"end":{"line":456,"column":91}},"124":{"start":{"line":464,"column":2},"end":{"line":511,"column":null}},"125":{"start":{"line":468,"column":36},"end":{"line":468,"column":null}},"126":{"start":{"line":469,"column":22},"end":{"line":469,"column":null}},"127":{"start":{"line":471,"column":36},"end":{"line":471,"column":null}},"128":{"start":{"line":474,"column":6},"end":{"line":504,"column":null}},"129":{"start":{"line":475,"column":8},"end":{"line":503,"column":null}},"130":{"start":{"line":476,"column":35},"end":{"line":478,"column":null}},"131":{"start":{"line":480,"column":10},"end":{"line":500,"column":null}},"132":{"start":{"line":481,"column":12},"end":{"line":499,"column":null}},"133":{"start":{"line":482,"column":43},"end":{"line":484,"column":null}},"134":{"start":{"line":486,"column":14},"end":{"line":496,"column":null}},"135":{"start":{"line":487,"column":16},"end":{"line":495,"column":null}},"136":{"start":{"line":506,"column":6},"end":{"line":508,"column":null}},"137":{"start":{"line":507,"column":25},"end":{"line":507,"column":91}},"138":{"start":{"line":522,"column":2},"end":{"line":530,"column":null}},"139":{"start":{"line":525,"column":23},"end":{"line":527,"column":null}},"140":{"start":{"line":528,"column":6},"end":{"line":528,"column":null}}},"fnMap":{"0":{"name":"(anonymous_0)","decl":{"start":{"line":41,"column":10},"end":{"line":41,"column":11}},"loc":{"start":{"line":41,"column":28},"end":{"line":41,"column":null}},"line":41},"1":{"name":"(anonymous_1)","decl":{"start":{"line":42,"column":14},"end":{"line":42,"column":15}},"loc":{"start":{"line":42,"column":34},"end":{"line":42,"column":null}},"line":42},"2":{"name":"(anonymous_2)","decl":{"start":{"line":43,"column":13},"end":{"line":43,"column":14}},"loc":{"start":{"line":43,"column":52},"end":{"line":43,"column":null}},"line":43},"3":{"name":"(anonymous_3)","decl":{"start":{"line":44,"column":10},"end":{"line":44,"column":11}},"loc":{"start":{"line":44,"column":49},"end":{"line":44,"column":null}},"line":44},"4":{"name":"(anonymous_4)","decl":{"start":{"line":45,"column":9},"end":{"line":45,"column":10}},"loc":{"start":{"line":45,"column":63},"end":{"line":45,"column":null}},"line":45},"5":{"name":"(anonymous_5)","decl":{"start":{"line":46,"column":17},"end":{"line":46,"column":18}},"loc":{"start":{"line":46,"column":71},"end":{"line":46,"column":null}},"line":46},"6":{"name":"(anonymous_6)","decl":{"start":{"line":47,"column":16},"end":{"line":47,"column":17}},"loc":{"start":{"line":47,"column":83},"end":{"line":47,"column":null}},"line":47},"7":{"name":"(anonymous_7)","decl":{"start":{"line":49,"column":10},"end":{"line":49,"column":11}},"loc":{"start":{"line":49,"column":27},"end":{"line":49,"column":null}},"line":49},"8":{"name":"(anonymous_8)","decl":{"start":{"line":53,"column":14},"end":{"line":53,"column":15}},"loc":{"start":{"line":53,"column":36},"end":{"line":53,"column":null}},"line":53},"9":{"name":"(anonymous_9)","decl":{"start":{"line":56,"column":15},"end":{"line":56,"column":16}},"loc":{"start":{"line":56,"column":54},"end":{"line":56,"column":null}},"line":56},"10":{"name":"useEnvironment","decl":{"start":{"line":60,"column":16},"end":{"line":60,"column":33}},"loc":{"start":{"line":60,"column":33},"end":{"line":68,"column":null}},"line":60},"11":{"name":"(anonymous_11)","decl":{"start":{"line":63,"column":13},"end":{"line":63,"column":25}},"loc":{"start":{"line":63,"column":25},"end":{"line":66,"column":null}},"line":63},"12":{"name":"useCreateEnvironment","decl":{"start":{"line":70,"column":16},"end":{"line":70,"column":39}},"loc":{"start":{"line":70,"column":39},"end":{"line":81,"column":null}},"line":70},"13":{"name":"(anonymous_13)","decl":{"start":{"line":73,"column":16},"end":{"line":73,"column":23}},"loc":{"start":{"line":73,"column":31},"end":{"line":76,"column":null}},"line":73},"14":{"name":"(anonymous_14)","decl":{"start":{"line":77,"column":15},"end":{"line":77,"column":21}},"loc":{"start":{"line":77,"column":21},"end":{"line":79,"column":null}},"line":77},"15":{"name":"useTestEnvironment","decl":{"start":{"line":83,"column":16},"end":{"line":83,"column":37}},"loc":{"start":{"line":83,"column":37},"end":{"line":90,"column":null}},"line":83},"16":{"name":"(anonymous_16)","decl":{"start":{"line":85,"column":16},"end":{"line":85,"column":23}},"loc":{"start":{"line":85,"column":34},"end":{"line":88,"column":null}},"line":85},"17":{"name":"useTenants","decl":{"start":{"line":93,"column":16},"end":{"line":93,"column":27}},"loc":{"start":{"line":93,"column":44},"end":{"line":103,"column":null}},"line":93},"18":{"name":"(anonymous_18)","decl":{"start":{"line":96,"column":13},"end":{"line":96,"column":25}},"loc":{"start":{"line":96,"column":25},"end":{"line":101,"column":null}},"line":96},"19":{"name":"useTenant","decl":{"start":{"line":105,"column":16},"end":{"line":105,"column":26}},"loc":{"start":{"line":105,"column":40},"end":{"line":114,"column":null}},"line":105},"20":{"name":"(anonymous_20)","decl":{"start":{"line":108,"column":13},"end":{"line":108,"column":25}},"loc":{"start":{"line":108,"column":25},"end":{"line":111,"column":null}},"line":108},"21":{"name":"useCreateTenant","decl":{"start":{"line":116,"column":16},"end":{"line":116,"column":34}},"loc":{"start":{"line":116,"column":34},"end":{"line":127,"column":null}},"line":116},"22":{"name":"(anonymous_22)","decl":{"start":{"line":119,"column":16},"end":{"line":119,"column":23}},"loc":{"start":{"line":119,"column":34},"end":{"line":122,"column":null}},"line":119},"23":{"name":"(anonymous_23)","decl":{"start":{"line":123,"column":15},"end":{"line":123,"column":21}},"loc":{"start":{"line":123,"column":21},"end":{"line":125,"column":null}},"line":123},"24":{"name":"useDeleteTenant","decl":{"start":{"line":129,"column":16},"end":{"line":129,"column":34}},"loc":{"start":{"line":129,"column":34},"end":{"line":140,"column":null}},"line":129},"25":{"name":"(anonymous_25)","decl":{"start":{"line":132,"column":16},"end":{"line":132,"column":23}},"loc":{"start":{"line":132,"column":32},"end":{"line":135,"column":null}},"line":132},"26":{"name":"(anonymous_26)","decl":{"start":{"line":136,"column":15},"end":{"line":136,"column":21}},"loc":{"start":{"line":136,"column":21},"end":{"line":138,"column":null}},"line":136},"27":{"name":"useNamespaces","decl":{"start":{"line":143,"column":16},"end":{"line":143,"column":30}},"loc":{"start":{"line":143,"column":63},"end":{"line":154,"column":null}},"line":143},"28":{"name":"(anonymous_28)","decl":{"start":{"line":146,"column":13},"end":{"line":146,"column":25}},"loc":{"start":{"line":146,"column":25},"end":{"line":151,"column":null}},"line":146},"29":{"name":"useNamespace","decl":{"start":{"line":156,"column":16},"end":{"line":156,"column":29}},"loc":{"start":{"line":156,"column":64},"end":{"line":165,"column":null}},"line":156},"30":{"name":"(anonymous_30)","decl":{"start":{"line":159,"column":13},"end":{"line":159,"column":25}},"loc":{"start":{"line":159,"column":25},"end":{"line":162,"column":null}},"line":159},"31":{"name":"useCreateNamespace","decl":{"start":{"line":167,"column":16},"end":{"line":167,"column":35}},"loc":{"start":{"line":167,"column":51},"end":{"line":178,"column":null}},"line":167},"32":{"name":"(anonymous_32)","decl":{"start":{"line":170,"column":16},"end":{"line":170,"column":23}},"loc":{"start":{"line":170,"column":30},"end":{"line":173,"column":null}},"line":170},"33":{"name":"(anonymous_33)","decl":{"start":{"line":174,"column":15},"end":{"line":174,"column":21}},"loc":{"start":{"line":174,"column":21},"end":{"line":176,"column":null}},"line":174},"34":{"name":"useDeleteNamespace","decl":{"start":{"line":180,"column":16},"end":{"line":180,"column":35}},"loc":{"start":{"line":180,"column":51},"end":{"line":191,"column":null}},"line":180},"35":{"name":"(anonymous_35)","decl":{"start":{"line":183,"column":16},"end":{"line":183,"column":23}},"loc":{"start":{"line":183,"column":37},"end":{"line":186,"column":null}},"line":183},"36":{"name":"(anonymous_36)","decl":{"start":{"line":187,"column":15},"end":{"line":187,"column":21}},"loc":{"start":{"line":187,"column":21},"end":{"line":189,"column":null}},"line":187},"37":{"name":"useTopics","decl":{"start":{"line":194,"column":16},"end":{"line":194,"column":26}},"loc":{"start":{"line":194,"column":97},"end":{"line":206,"column":null}},"line":194},"38":{"name":"(anonymous_38)","decl":{"start":{"line":197,"column":13},"end":{"line":197,"column":25}},"loc":{"start":{"line":197,"column":25},"end":{"line":203,"column":null}},"line":197},"39":{"name":"useTopic","decl":{"start":{"line":208,"column":16},"end":{"line":208,"column":25}},"loc":{"start":{"line":208,"column":94},"end":{"line":220,"column":null}},"line":208},"40":{"name":"(anonymous_40)","decl":{"start":{"line":211,"column":13},"end":{"line":211,"column":25}},"loc":{"start":{"line":211,"column":25},"end":{"line":217,"column":null}},"line":211},"41":{"name":"useCreateTopic","decl":{"start":{"line":222,"column":16},"end":{"line":222,"column":31}},"loc":{"start":{"line":222,"column":66},"end":{"line":236,"column":null}},"line":222},"42":{"name":"(anonymous_42)","decl":{"start":{"line":225,"column":16},"end":{"line":225,"column":23}},"loc":{"start":{"line":225,"column":33},"end":{"line":231,"column":null}},"line":225},"43":{"name":"(anonymous_43)","decl":{"start":{"line":232,"column":15},"end":{"line":232,"column":21}},"loc":{"start":{"line":232,"column":21},"end":{"line":234,"column":null}},"line":232},"44":{"name":"useDeleteTopic","decl":{"start":{"line":238,"column":16},"end":{"line":238,"column":31}},"loc":{"start":{"line":238,"column":66},"end":{"line":252,"column":null}},"line":238},"45":{"name":"(anonymous_45)","decl":{"start":{"line":241,"column":16},"end":{"line":241,"column":23}},"loc":{"start":{"line":241,"column":71},"end":{"line":247,"column":null}},"line":241},"46":{"name":"(anonymous_46)","decl":{"start":{"line":248,"column":15},"end":{"line":248,"column":21}},"loc":{"start":{"line":248,"column":21},"end":{"line":250,"column":null}},"line":248},"47":{"name":"useSubscriptions","decl":{"start":{"line":255,"column":16},"end":{"line":255,"column":33}},"loc":{"start":{"line":255,"column":102},"end":{"line":267,"column":null}},"line":255},"48":{"name":"(anonymous_48)","decl":{"start":{"line":258,"column":13},"end":{"line":258,"column":25}},"loc":{"start":{"line":258,"column":25},"end":{"line":264,"column":null}},"line":258},"49":{"name":"useSubscription","decl":{"start":{"line":269,"column":16},"end":{"line":269,"column":32}},"loc":{"start":{"line":269,"column":123},"end":{"line":281,"column":null}},"line":269},"50":{"name":"(anonymous_50)","decl":{"start":{"line":272,"column":13},"end":{"line":272,"column":25}},"loc":{"start":{"line":272,"column":25},"end":{"line":278,"column":null}},"line":272},"51":{"name":"useCreateSubscription","decl":{"start":{"line":283,"column":16},"end":{"line":283,"column":38}},"loc":{"start":{"line":283,"column":88},"end":{"line":298,"column":null}},"line":283},"52":{"name":"(anonymous_52)","decl":{"start":{"line":286,"column":16},"end":{"line":286,"column":23}},"loc":{"start":{"line":286,"column":57},"end":{"line":293,"column":null}},"line":286},"53":{"name":"(anonymous_53)","decl":{"start":{"line":294,"column":15},"end":{"line":294,"column":21}},"loc":{"start":{"line":294,"column":21},"end":{"line":296,"column":null}},"line":294},"54":{"name":"useSkipAllMessages","decl":{"start":{"line":300,"column":16},"end":{"line":300,"column":35}},"loc":{"start":{"line":300,"column":107},"end":{"line":315,"column":null}},"line":300},"55":{"name":"(anonymous_55)","decl":{"start":{"line":303,"column":16},"end":{"line":303,"column":23}},"loc":{"start":{"line":303,"column":49},"end":{"line":310,"column":null}},"line":303},"56":{"name":"(anonymous_56)","decl":{"start":{"line":311,"column":15},"end":{"line":311,"column":21}},"loc":{"start":{"line":311,"column":21},"end":{"line":313,"column":null}},"line":311},"57":{"name":"useBrokers","decl":{"start":{"line":318,"column":16},"end":{"line":318,"column":27}},"loc":{"start":{"line":318,"column":44},"end":{"line":328,"column":null}},"line":318},"58":{"name":"(anonymous_58)","decl":{"start":{"line":321,"column":13},"end":{"line":321,"column":25}},"loc":{"start":{"line":321,"column":25},"end":{"line":326,"column":null}},"line":321},"59":{"name":"useBroker","decl":{"start":{"line":330,"column":16},"end":{"line":330,"column":26}},"loc":{"start":{"line":330,"column":39},"end":{"line":339,"column":null}},"line":330},"60":{"name":"(anonymous_60)","decl":{"start":{"line":333,"column":13},"end":{"line":333,"column":25}},"loc":{"start":{"line":333,"column":25},"end":{"line":336,"column":null}},"line":333},"61":{"name":"useClusterInfo","decl":{"start":{"line":341,"column":16},"end":{"line":341,"column":33}},"loc":{"start":{"line":341,"column":33},"end":{"line":349,"column":null}},"line":341},"62":{"name":"(anonymous_62)","decl":{"start":{"line":344,"column":13},"end":{"line":344,"column":25}},"loc":{"start":{"line":344,"column":25},"end":{"line":347,"column":null}},"line":344},"63":{"name":"useBrowseMessages","decl":{"start":{"line":352,"column":16},"end":{"line":352,"column":null}},"loc":{"start":{"line":358,"column":2},"end":{"line":369,"column":null}},"line":358},"64":{"name":"(anonymous_64)","decl":{"start":{"line":360,"column":16},"end":{"line":360,"column":23}},"loc":{"start":{"line":360,"column":49},"end":{"line":367,"column":null}},"line":360},"65":{"name":"useDashboardStats","decl":{"start":{"line":372,"column":16},"end":{"line":372,"column":36}},"loc":{"start":{"line":372,"column":36},"end":{"line":406,"column":null}},"line":372},"66":{"name":"(anonymous_66)","decl":{"start":{"line":375,"column":13},"end":{"line":375,"column":25}},"loc":{"start":{"line":375,"column":25},"end":{"line":403,"column":null}},"line":375},"67":{"name":"(anonymous_67)","decl":{"start":{"line":388,"column":35},"end":{"line":388,"column":36}},"loc":{"start":{"line":388,"column":47},"end":{"line":388,"column":79}},"line":388},"68":{"name":"(anonymous_68)","decl":{"start":{"line":389,"column":31},"end":{"line":389,"column":32}},"loc":{"start":{"line":389,"column":43},"end":{"line":389,"column":71}},"line":389},"69":{"name":"(anonymous_69)","decl":{"start":{"line":391,"column":34},"end":{"line":391,"column":35}},"loc":{"start":{"line":391,"column":46},"end":{"line":391,"column":78}},"line":391},"70":{"name":"(anonymous_70)","decl":{"start":{"line":392,"column":34},"end":{"line":392,"column":35}},"loc":{"start":{"line":392,"column":46},"end":{"line":392,"column":78}},"line":392},"71":{"name":"(anonymous_71)","decl":{"start":{"line":394,"column":36},"end":{"line":394,"column":37}},"loc":{"start":{"line":394,"column":48},"end":{"line":394,"column":76}},"line":394},"72":{"name":"(anonymous_72)","decl":{"start":{"line":395,"column":37},"end":{"line":395,"column":38}},"loc":{"start":{"line":395,"column":49},"end":{"line":395,"column":78}},"line":395},"73":{"name":"(anonymous_73)","decl":{"start":{"line":396,"column":38},"end":{"line":396,"column":39}},"loc":{"start":{"line":396,"column":50},"end":{"line":396,"column":84}},"line":396},"74":{"name":"(anonymous_74)","decl":{"start":{"line":397,"column":39},"end":{"line":397,"column":40}},"loc":{"start":{"line":397,"column":51},"end":{"line":397,"column":86}},"line":397},"75":{"name":"(anonymous_75)","decl":{"start":{"line":399,"column":37},"end":{"line":399,"column":38}},"loc":{"start":{"line":399,"column":49},"end":{"line":399,"column":79}},"line":399},"76":{"name":"useHealthStatus","decl":{"start":{"line":408,"column":16},"end":{"line":408,"column":34}},"loc":{"start":{"line":408,"column":34},"end":{"line":439,"column":null}},"line":408},"77":{"name":"(anonymous_77)","decl":{"start":{"line":411,"column":13},"end":{"line":411,"column":25}},"loc":{"start":{"line":411,"column":25},"end":{"line":435,"column":null}},"line":411},"78":{"name":"useTopTenants","decl":{"start":{"line":441,"column":16},"end":{"line":441,"column":30}},"loc":{"start":{"line":441,"column":41},"end":{"line":461,"column":null}},"line":441},"79":{"name":"(anonymous_79)","decl":{"start":{"line":444,"column":13},"end":{"line":444,"column":25}},"loc":{"start":{"line":444,"column":25},"end":{"line":458,"column":null}},"line":444},"80":{"name":"(anonymous_80)","decl":{"start":{"line":449,"column":13},"end":{"line":449,"column":14}},"loc":{"start":{"line":449,"column":21},"end":{"line":455,"column":10}},"line":449},"81":{"name":"(anonymous_81)","decl":{"start":{"line":456,"column":14},"end":{"line":456,"column":15}},"loc":{"start":{"line":456,"column":25},"end":{"line":456,"column":91}},"line":456},"82":{"name":"useTopTopics","decl":{"start":{"line":463,"column":16},"end":{"line":463,"column":29}},"loc":{"start":{"line":463,"column":40},"end":{"line":512,"column":null}},"line":463},"83":{"name":"(anonymous_83)","decl":{"start":{"line":466,"column":13},"end":{"line":466,"column":25}},"loc":{"start":{"line":466,"column":25},"end":{"line":509,"column":null}},"line":466},"84":{"name":"(anonymous_84)","decl":{"start":{"line":507,"column":14},"end":{"line":507,"column":15}},"loc":{"start":{"line":507,"column":25},"end":{"line":507,"column":91}},"line":507},"85":{"name":"useAuditEvents","decl":{"start":{"line":515,"column":16},"end":{"line":515,"column":31}},"loc":{"start":{"line":521,"column":3},"end":{"line":531,"column":null}},"line":521},"86":{"name":"(anonymous_86)","decl":{"start":{"line":524,"column":13},"end":{"line":524,"column":25}},"loc":{"start":{"line":524,"column":25},"end":{"line":529,"column":null}},"line":524}},"branchMap":{"0":{"loc":{"start":{"line":93,"column":27},"end":{"line":93,"column":44}},"type":"default-arg","locations":[{"start":{"line":93,"column":38},"end":{"line":93,"column":44}}],"line":93},"1":{"loc":{"start":{"line":143,"column":46},"end":{"line":143,"column":63}},"type":"default-arg","locations":[{"start":{"line":143,"column":57},"end":{"line":143,"column":63}}],"line":143},"2":{"loc":{"start":{"line":163,"column":13},"end":{"line":163,"column":null}},"type":"binary-expr","locations":[{"start":{"line":163,"column":13},"end":{"line":163,"column":25}},{"start":{"line":163,"column":25},"end":{"line":163,"column":null}}],"line":163},"3":{"loc":{"start":{"line":194,"column":61},"end":{"line":194,"column":80}},"type":"default-arg","locations":[{"start":{"line":194,"column":74},"end":{"line":194,"column":80}}],"line":194},"4":{"loc":{"start":{"line":194,"column":80},"end":{"line":194,"column":97}},"type":"default-arg","locations":[{"start":{"line":194,"column":91},"end":{"line":194,"column":97}}],"line":194},"5":{"loc":{"start":{"line":204,"column":13},"end":{"line":204,"column":null}},"type":"binary-expr","locations":[{"start":{"line":204,"column":13},"end":{"line":204,"column":25}},{"start":{"line":204,"column":25},"end":{"line":204,"column":null}}],"line":204},"6":{"loc":{"start":{"line":208,"column":75},"end":{"line":208,"column":94}},"type":"default-arg","locations":[{"start":{"line":208,"column":88},"end":{"line":208,"column":94}}],"line":208},"7":{"loc":{"start":{"line":218,"column":13},"end":{"line":218,"column":null}},"type":"binary-expr","locations":[{"start":{"line":218,"column":13},"end":{"line":218,"column":25}},{"start":{"line":218,"column":25},"end":{"line":218,"column":40}},{"start":{"line":218,"column":40},"end":{"line":218,"column":null}}],"line":218},"8":{"loc":{"start":{"line":241,"column":32},"end":{"line":241,"column":51}},"type":"default-arg","locations":[{"start":{"line":241,"column":45},"end":{"line":241,"column":51}}],"line":241},"9":{"loc":{"start":{"line":241,"column":51},"end":{"line":241,"column":65}},"type":"default-arg","locations":[{"start":{"line":241,"column":59},"end":{"line":241,"column":65}}],"line":241},"10":{"loc":{"start":{"line":255,"column":83},"end":{"line":255,"column":102}},"type":"default-arg","locations":[{"start":{"line":255,"column":96},"end":{"line":255,"column":102}}],"line":255},"11":{"loc":{"start":{"line":265,"column":13},"end":{"line":265,"column":null}},"type":"binary-expr","locations":[{"start":{"line":265,"column":13},"end":{"line":265,"column":25}},{"start":{"line":265,"column":25},"end":{"line":265,"column":40}},{"start":{"line":265,"column":40},"end":{"line":265,"column":null}}],"line":265},"12":{"loc":{"start":{"line":269,"column":104},"end":{"line":269,"column":123}},"type":"default-arg","locations":[{"start":{"line":269,"column":117},"end":{"line":269,"column":123}}],"line":269},"13":{"loc":{"start":{"line":279,"column":13},"end":{"line":279,"column":null}},"type":"binary-expr","locations":[{"start":{"line":279,"column":13},"end":{"line":279,"column":25}},{"start":{"line":279,"column":25},"end":{"line":279,"column":40}},{"start":{"line":279,"column":40},"end":{"line":279,"column":51}},{"start":{"line":279,"column":51},"end":{"line":279,"column":null}}],"line":279},"14":{"loc":{"start":{"line":286,"column":25},"end":{"line":286,"column":44}},"type":"default-arg","locations":[{"start":{"line":286,"column":38},"end":{"line":286,"column":44}}],"line":286},"15":{"loc":{"start":{"line":303,"column":25},"end":{"line":303,"column":43}},"type":"default-arg","locations":[{"start":{"line":303,"column":38},"end":{"line":303,"column":43}}],"line":303},"16":{"loc":{"start":{"line":318,"column":27},"end":{"line":318,"column":44}},"type":"default-arg","locations":[{"start":{"line":318,"column":38},"end":{"line":318,"column":44}}],"line":318},"17":{"loc":{"start":{"line":357,"column":2},"end":{"line":357,"column":null}},"type":"default-arg","locations":[{"start":{"line":357,"column":10},"end":{"line":357,"column":null}}],"line":357},"18":{"loc":{"start":{"line":360,"column":25},"end":{"line":360,"column":43}},"type":"default-arg","locations":[{"start":{"line":360,"column":38},"end":{"line":360,"column":43}}],"line":360},"19":{"loc":{"start":{"line":382,"column":22},"end":{"line":382,"column":null}},"type":"binary-expr","locations":[{"start":{"line":382,"column":22},"end":{"line":382,"column":49}},{"start":{"line":382,"column":49},"end":{"line":382,"column":null}}],"line":382},"20":{"loc":{"start":{"line":383,"column":22},"end":{"line":383,"column":null}},"type":"binary-expr","locations":[{"start":{"line":383,"column":22},"end":{"line":383,"column":49}},{"start":{"line":383,"column":49},"end":{"line":383,"column":null}}],"line":383},"21":{"loc":{"start":{"line":388,"column":54},"end":{"line":388,"column":79}},"type":"binary-expr","locations":[{"start":{"line":388,"column":54},"end":{"line":388,"column":75}},{"start":{"line":388,"column":75},"end":{"line":388,"column":79}}],"line":388},"22":{"loc":{"start":{"line":389,"column":50},"end":{"line":389,"column":71}},"type":"binary-expr","locations":[{"start":{"line":389,"column":50},"end":{"line":389,"column":67}},{"start":{"line":389,"column":67},"end":{"line":389,"column":71}}],"line":389},"23":{"loc":{"start":{"line":391,"column":53},"end":{"line":391,"column":78}},"type":"binary-expr","locations":[{"start":{"line":391,"column":53},"end":{"line":391,"column":74}},{"start":{"line":391,"column":74},"end":{"line":391,"column":78}}],"line":391},"24":{"loc":{"start":{"line":392,"column":53},"end":{"line":392,"column":78}},"type":"binary-expr","locations":[{"start":{"line":392,"column":53},"end":{"line":392,"column":74}},{"start":{"line":392,"column":74},"end":{"line":392,"column":78}}],"line":392},"25":{"loc":{"start":{"line":394,"column":55},"end":{"line":394,"column":76}},"type":"binary-expr","locations":[{"start":{"line":394,"column":55},"end":{"line":394,"column":72}},{"start":{"line":394,"column":72},"end":{"line":394,"column":76}}],"line":394},"26":{"loc":{"start":{"line":395,"column":56},"end":{"line":395,"column":78}},"type":"binary-expr","locations":[{"start":{"line":395,"column":56},"end":{"line":395,"column":74}},{"start":{"line":395,"column":74},"end":{"line":395,"column":78}}],"line":395},"27":{"loc":{"start":{"line":396,"column":57},"end":{"line":396,"column":84}},"type":"binary-expr","locations":[{"start":{"line":396,"column":57},"end":{"line":396,"column":80}},{"start":{"line":396,"column":80},"end":{"line":396,"column":84}}],"line":396},"28":{"loc":{"start":{"line":397,"column":58},"end":{"line":397,"column":86}},"type":"binary-expr","locations":[{"start":{"line":397,"column":58},"end":{"line":397,"column":82}},{"start":{"line":397,"column":82},"end":{"line":397,"column":86}}],"line":397},"29":{"loc":{"start":{"line":399,"column":56},"end":{"line":399,"column":79}},"type":"binary-expr","locations":[{"start":{"line":399,"column":56},"end":{"line":399,"column":75}},{"start":{"line":399,"column":75},"end":{"line":399,"column":79}}],"line":399},"30":{"loc":{"start":{"line":416,"column":19},"end":{"line":416,"column":null}},"type":"cond-expr","locations":[{"start":{"line":416,"column":49},"end":{"line":416,"column":61}},{"start":{"line":416,"column":61},"end":{"line":416,"column":null}}],"line":416},"31":{"loc":{"start":{"line":420,"column":24},"end":{"line":420,"column":null}},"type":"binary-expr","locations":[{"start":{"line":420,"column":24},"end":{"line":420,"column":51}},{"start":{"line":420,"column":51},"end":{"line":420,"column":null}}],"line":420},"32":{"loc":{"start":{"line":441,"column":30},"end":{"line":441,"column":41}},"type":"default-arg","locations":[{"start":{"line":441,"column":38},"end":{"line":441,"column":41}}],"line":441},"33":{"loc":{"start":{"line":446,"column":22},"end":{"line":446,"column":null}},"type":"binary-expr","locations":[{"start":{"line":446,"column":22},"end":{"line":446,"column":38}},{"start":{"line":446,"column":38},"end":{"line":446,"column":null}}],"line":446},"34":{"loc":{"start":{"line":451,"column":23},"end":{"line":451,"column":null}},"type":"binary-expr","locations":[{"start":{"line":451,"column":23},"end":{"line":451,"column":40}},{"start":{"line":451,"column":40},"end":{"line":451,"column":null}}],"line":451},"35":{"loc":{"start":{"line":452,"column":24},"end":{"line":452,"column":null}},"type":"binary-expr","locations":[{"start":{"line":452,"column":24},"end":{"line":452,"column":42}},{"start":{"line":452,"column":42},"end":{"line":452,"column":null}}],"line":452},"36":{"loc":{"start":{"line":453,"column":19},"end":{"line":453,"column":null}},"type":"binary-expr","locations":[{"start":{"line":453,"column":19},"end":{"line":453,"column":38}},{"start":{"line":453,"column":38},"end":{"line":453,"column":null}}],"line":453},"37":{"loc":{"start":{"line":454,"column":23},"end":{"line":454,"column":null}},"type":"binary-expr","locations":[{"start":{"line":454,"column":23},"end":{"line":454,"column":40}},{"start":{"line":454,"column":40},"end":{"line":454,"column":null}}],"line":454},"38":{"loc":{"start":{"line":463,"column":29},"end":{"line":463,"column":40}},"type":"default-arg","locations":[{"start":{"line":463,"column":37},"end":{"line":463,"column":40}}],"line":463},"39":{"loc":{"start":{"line":469,"column":22},"end":{"line":469,"column":null}},"type":"binary-expr","locations":[{"start":{"line":469,"column":22},"end":{"line":469,"column":45}},{"start":{"line":469,"column":45},"end":{"line":469,"column":null}}],"line":469},"40":{"loc":{"start":{"line":480,"column":28},"end":{"line":480,"column":53}},"type":"binary-expr","locations":[{"start":{"line":480,"column":28},"end":{"line":480,"column":49}},{"start":{"line":480,"column":49},"end":{"line":480,"column":53}}],"line":480},"41":{"loc":{"start":{"line":486,"column":34},"end":{"line":486,"column":59}},"type":"binary-expr","locations":[{"start":{"line":486,"column":34},"end":{"line":486,"column":55}},{"start":{"line":486,"column":55},"end":{"line":486,"column":59}}],"line":486},"42":{"loc":{"start":{"line":491,"column":31},"end":{"line":491,"column":null}},"type":"binary-expr","locations":[{"start":{"line":491,"column":31},"end":{"line":491,"column":52}},{"start":{"line":491,"column":52},"end":{"line":491,"column":null}}],"line":491},"43":{"loc":{"start":{"line":492,"column":32},"end":{"line":492,"column":null}},"type":"binary-expr","locations":[{"start":{"line":492,"column":32},"end":{"line":492,"column":54}},{"start":{"line":492,"column":54},"end":{"line":492,"column":null}}],"line":492},"44":{"loc":{"start":{"line":493,"column":27},"end":{"line":493,"column":null}},"type":"binary-expr","locations":[{"start":{"line":493,"column":27},"end":{"line":493,"column":49}},{"start":{"line":493,"column":49},"end":{"line":493,"column":null}}],"line":493},"45":{"loc":{"start":{"line":494,"column":32},"end":{"line":494,"column":null}},"type":"binary-expr","locations":[{"start":{"line":494,"column":32},"end":{"line":494,"column":54}},{"start":{"line":494,"column":54},"end":{"line":494,"column":null}}],"line":494},"46":{"loc":{"start":{"line":528,"column":13},"end":{"line":528,"column":null}},"type":"binary-expr","locations":[{"start":{"line":528,"column":13},"end":{"line":528,"column":28}},{"start":{"line":528,"column":28},"end":{"line":528,"column":null}}],"line":528}},"s":{"0":5,"1":4,"2":3,"3":1,"4":2,"5":1,"6":0,"7":1,"8":1,"9":0,"10":0,"11":35,"12":15,"13":15,"14":33,"15":33,"16":1,"17":1,"18":1,"19":33,"20":1,"21":1,"22":30,"23":17,"24":17,"25":3,"26":1,"27":1,"28":28,"29":28,"30":2,"31":2,"32":2,"33":28,"34":28,"35":2,"36":2,"37":2,"38":3,"39":1,"40":1,"41":0,"42":0,"43":0,"44":0,"45":0,"46":0,"47":0,"48":0,"49":0,"50":0,"51":0,"52":0,"53":0,"54":2,"55":1,"56":1,"57":0,"58":0,"59":0,"60":0,"61":0,"62":0,"63":0,"64":0,"65":0,"66":0,"67":0,"68":0,"69":0,"70":0,"71":0,"72":0,"73":0,"74":0,"75":0,"76":0,"77":0,"78":0,"79":0,"80":0,"81":0,"82":0,"83":0,"84":0,"85":0,"86":42,"87":24,"88":24,"89":0,"90":0,"91":0,"92":15,"93":9,"94":9,"95":0,"96":0,"97":0,"98":29,"99":16,"100":16,"101":16,"102":16,"103":32,"104":32,"105":16,"106":16,"107":32,"108":32,"109":16,"110":16,"111":32,"112":16,"113":29,"114":16,"115":16,"116":16,"117":0,"118":29,"119":16,"120":16,"121":16,"122":32,"123":16,"124":0,"125":0,"126":0,"127":0,"128":0,"129":0,"130":0,"131":0,"132":0,"133":0,"134":0,"135":0,"136":0,"137":0,"138":0,"139":0,"140":0},"f":{"0":4,"1":3,"2":1,"3":2,"4":1,"5":0,"6":1,"7":1,"8":0,"9":0,"10":35,"11":15,"12":33,"13":1,"14":1,"15":33,"16":1,"17":30,"18":17,"19":3,"20":1,"21":28,"22":2,"23":2,"24":28,"25":2,"26":2,"27":3,"28":1,"29":0,"30":0,"31":0,"32":0,"33":0,"34":0,"35":0,"36":0,"37":2,"38":1,"39":0,"40":0,"41":0,"42":0,"43":0,"44":0,"45":0,"46":0,"47":0,"48":0,"49":0,"50":0,"51":0,"52":0,"53":0,"54":0,"55":0,"56":0,"57":42,"58":24,"59":0,"60":0,"61":15,"62":9,"63":0,"64":0,"65":29,"66":16,"67":32,"68":32,"69":16,"70":16,"71":32,"72":32,"73":16,"74":16,"75":32,"76":29,"77":16,"78":29,"79":16,"80":32,"81":16,"82":0,"83":0,"84":0,"85":0,"86":0},"b":{"0":[30],"1":[3],"2":[0,0],"3":[2],"4":[2],"5":[2,2],"6":[0],"7":[0,0,0],"8":[0],"9":[0],"10":[0],"11":[0,0,0],"12":[0],"13":[0,0,0,0],"14":[0],"15":[0],"16":[42],"17":[0],"18":[0],"19":[16,0],"20":[16,0],"21":[32,0],"22":[32,0],"23":[16,0],"24":[16,0],"25":[32,0],"26":[32,0],"27":[16,0],"28":[16,0],"29":[32,0],"30":[16,0],"31":[16,0],"32":[29],"33":[16,0],"34":[32,0],"35":[32,0],"36":[32,0],"37":[32,0],"38":[0],"39":[0,0],"40":[0,0],"41":[0,0],"42":[0,0],"43":[0,0],"44":[0,0],"45":[0,0],"46":[0,0]},"meta":{"lastBranch":47,"lastFunction":87,"lastStatement":141,"seen":{"s:38:25:57:Infinity":0,"f:41:10:41:11":0,"s:41:28:41:Infinity":1,"f:42:14:42:15":1,"s:42:34:42:Infinity":2,"f:43:13:43:14":2,"s:43:52:43:Infinity":3,"f:44:10:44:11":3,"s:44:49:44:Infinity":4,"f:45:9:45:10":4,"s:45:63:45:Infinity":5,"f:46:17:46:18":5,"s:46:71:46:Infinity":6,"f:47:16:47:17":6,"s:47:83:47:Infinity":7,"f:49:10:49:11":7,"s:49:27:49:Infinity":8,"f:53:14:53:15":8,"s:53:36:53:Infinity":9,"f:56:15:56:16":9,"s:56:54:56:Infinity":10,"f:60:16:60:33":10,"s:61:2:67:Infinity":11,"f:63:13:63:25":11,"s:64:23:64:Infinity":12,"s:65:6:65:Infinity":13,"f:70:16:70:39":12,"s:71:8:71:Infinity":14,"s:72:2:80:Infinity":15,"f:73:16:73:23":13,"s:74:23:74:Infinity":16,"s:75:6:75:Infinity":17,"f:77:15:77:21":14,"s:78:6:78:Infinity":18,"f:83:16:83:37":15,"s:84:2:89:Infinity":19,"f:85:16:85:23":16,"s:86:23:86:Infinity":20,"s:87:6:87:Infinity":21,"f:93:16:93:27":17,"b:93:38:93:44":0,"s:94:2:102:Infinity":22,"f:96:13:96:25":18,"s:97:23:99:Infinity":23,"s:100:6:100:Infinity":24,"f:105:16:105:26":19,"s:106:2:113:Infinity":25,"f:108:13:108:25":20,"s:109:23:109:Infinity":26,"s:110:6:110:Infinity":27,"f:116:16:116:34":21,"s:117:8:117:Infinity":28,"s:118:2:126:Infinity":29,"f:119:16:119:23":22,"s:120:23:120:Infinity":30,"s:121:6:121:Infinity":31,"f:123:15:123:21":23,"s:124:6:124:Infinity":32,"f:129:16:129:34":24,"s:130:8:130:Infinity":33,"s:131:2:139:Infinity":34,"f:132:16:132:23":25,"s:133:23:133:Infinity":35,"s:134:6:134:Infinity":36,"f:136:15:136:21":26,"s:137:6:137:Infinity":37,"f:143:16:143:30":27,"b:143:57:143:63":1,"s:144:2:153:Infinity":38,"f:146:13:146:25":28,"s:147:23:149:Infinity":39,"s:150:6:150:Infinity":40,"f:156:16:156:29":29,"s:157:2:164:Infinity":41,"f:159:13:159:25":30,"s:160:23:160:Infinity":42,"s:161:6:161:Infinity":43,"b:163:13:163:25:163:25:163:Infinity":2,"f:167:16:167:35":31,"s:168:8:168:Infinity":44,"s:169:2:177:Infinity":45,"f:170:16:170:23":32,"s:171:23:171:Infinity":46,"s:172:6:172:Infinity":47,"f:174:15:174:21":33,"s:175:6:175:Infinity":48,"f:180:16:180:35":34,"s:181:8:181:Infinity":49,"s:182:2:190:Infinity":50,"f:183:16:183:23":35,"s:184:23:184:Infinity":51,"s:185:6:185:Infinity":52,"f:187:15:187:21":36,"s:188:6:188:Infinity":53,"f:194:16:194:26":37,"b:194:74:194:80":3,"b:194:91:194:97":4,"s:195:2:205:Infinity":54,"f:197:13:197:25":38,"s:198:23:201:Infinity":55,"s:202:6:202:Infinity":56,"b:204:13:204:25:204:25:204:Infinity":5,"f:208:16:208:25":39,"b:208:88:208:94":6,"s:209:2:219:Infinity":57,"f:211:13:211:25":40,"s:212:23:215:Infinity":58,"s:216:6:216:Infinity":59,"b:218:13:218:25:218:25:218:40:218:40:218:Infinity":7,"f:222:16:222:31":41,"s:223:8:223:Infinity":60,"s:224:2:235:Infinity":61,"f:225:16:225:23":42,"s:226:23:229:Infinity":62,"s:230:6:230:Infinity":63,"f:232:15:232:21":43,"s:233:6:233:Infinity":64,"f:238:16:238:31":44,"s:239:8:239:Infinity":65,"s:240:2:251:Infinity":66,"f:241:16:241:23":45,"b:241:45:241:51":8,"b:241:59:241:65":9,"s:242:23:245:Infinity":67,"s:246:6:246:Infinity":68,"f:248:15:248:21":46,"s:249:6:249:Infinity":69,"f:255:16:255:33":47,"b:255:96:255:102":10,"s:256:2:266:Infinity":70,"f:258:13:258:25":48,"s:259:23:262:Infinity":71,"s:263:6:263:Infinity":72,"b:265:13:265:25:265:25:265:40:265:40:265:Infinity":11,"f:269:16:269:32":49,"b:269:117:269:123":12,"s:270:2:280:Infinity":73,"f:272:13:272:25":50,"s:273:23:276:Infinity":74,"s:277:6:277:Infinity":75,"b:279:13:279:25:279:25:279:40:279:40:279:51:279:51:279:Infinity":13,"f:283:16:283:38":51,"s:284:8:284:Infinity":76,"s:285:2:297:Infinity":77,"f:286:16:286:23":52,"b:286:38:286:44":14,"s:287:23:291:Infinity":78,"s:292:6:292:Infinity":79,"f:294:15:294:21":53,"s:295:6:295:Infinity":80,"f:300:16:300:35":54,"s:301:8:301:Infinity":81,"s:302:2:314:Infinity":82,"f:303:16:303:23":55,"b:303:38:303:43":15,"s:304:23:308:Infinity":83,"s:309:6:309:Infinity":84,"f:311:15:311:21":56,"s:312:6:312:Infinity":85,"f:318:16:318:27":57,"b:318:38:318:44":16,"s:319:2:327:Infinity":86,"f:321:13:321:25":58,"s:322:23:324:Infinity":87,"s:325:6:325:Infinity":88,"f:330:16:330:26":59,"s:331:2:338:Infinity":89,"f:333:13:333:25":60,"s:334:23:334:Infinity":90,"s:335:6:335:Infinity":91,"f:341:16:341:33":61,"s:342:2:348:Infinity":92,"f:344:13:344:25":62,"s:345:23:345:Infinity":93,"s:346:6:346:Infinity":94,"f:352:16:352:Infinity":63,"b:357:10:357:Infinity":17,"s:359:2:368:Infinity":95,"f:360:16:360:23":64,"b:360:38:360:43":18,"s:361:23:365:Infinity":96,"s:366:6:366:Infinity":97,"f:372:16:372:36":65,"s:373:2:405:Infinity":98,"f:375:13:375:25":66,"s:377:39:380:Infinity":99,"s:382:22:382:Infinity":100,"b:382:22:382:49:382:49:382:Infinity":19,"s:383:22:383:Infinity":101,"b:383:22:383:49:383:49:383:Infinity":20,"s:386:36:400:Infinity":102,"f:388:35:388:36":67,"s:388:47:388:79":103,"b:388:54:388:75:388:75:388:79":21,"f:389:31:389:32":68,"s:389:43:389:71":104,"b:389:50:389:67:389:67:389:71":22,"f:391:34:391:35":69,"s:391:46:391:78":105,"b:391:53:391:74:391:74:391:78":23,"f:392:34:392:35":70,"s:392:46:392:78":106,"b:392:53:392:74:392:74:392:78":24,"f:394:36:394:37":71,"s:394:48:394:76":107,"b:394:55:394:72:394:72:394:76":25,"f:395:37:395:38":72,"s:395:49:395:78":108,"b:395:56:395:74:395:74:395:78":26,"f:396:38:396:39":73,"s:396:50:396:84":109,"b:396:57:396:80:396:80:396:84":27,"f:397:39:397:40":74,"s:397:51:397:86":110,"b:397:58:397:82:397:82:397:86":28,"f:399:37:399:38":75,"s:399:49:399:79":111,"b:399:56:399:75:399:75:399:79":29,"s:402:6:402:Infinity":112,"f:408:16:408:34":76,"s:409:2:438:Infinity":113,"f:411:13:411:25":77,"s:412:6:434:Infinity":114,"s:413:34:413:Infinity":115,"s:415:8:423:Infinity":116,"b:416:49:416:61:416:61:416:Infinity":30,"b:420:24:420:51:420:51:420:Infinity":31,"s:425:8:433:Infinity":117,"f:441:16:441:30":78,"b:441:38:441:41":32,"s:442:2:460:Infinity":118,"f:444:13:444:25":79,"s:445:23:445:Infinity":119,"s:446:22:446:Infinity":120,"b:446:22:446:38:446:38:446:Infinity":33,"s:448:6:457:Infinity":121,"f:449:13:449:14":80,"s:449:21:455:10":122,"b:451:23:451:40:451:40:451:Infinity":34,"b:452:24:452:42:452:42:452:Infinity":35,"b:453:19:453:38:453:38:453:Infinity":36,"b:454:23:454:40:454:40:454:Infinity":37,"f:456:14:456:15":81,"s:456:25:456:91":123,"f:463:16:463:29":82,"b:463:37:463:40":38,"s:464:2:511:Infinity":124,"f:466:13:466:25":83,"s:468:36:468:Infinity":125,"s:469:22:469:Infinity":126,"b:469:22:469:45:469:45:469:Infinity":39,"s:471:36:471:Infinity":127,"s:474:6:504:Infinity":128,"s:475:8:503:Infinity":129,"s:476:35:478:Infinity":130,"s:480:10:500:Infinity":131,"b:480:28:480:49:480:49:480:53":40,"s:481:12:499:Infinity":132,"s:482:43:484:Infinity":133,"s:486:14:496:Infinity":134,"b:486:34:486:55:486:55:486:59":41,"s:487:16:495:Infinity":135,"b:491:31:491:52:491:52:491:Infinity":42,"b:492:32:492:54:492:54:492:Infinity":43,"b:493:27:493:49:493:49:493:Infinity":44,"b:494:32:494:54:494:54:494:Infinity":45,"s:506:6:508:Infinity":136,"f:507:14:507:15":84,"s:507:25:507:91":137,"f:515:16:515:31":85,"s:522:2:530:Infinity":138,"f:524:13:524:25":86,"s:525:23:527:Infinity":139,"s:528:6:528:Infinity":140,"b:528:13:528:28:528:28:528:Infinity":46}}}
,"/Users/leon/pulsartests-1/pulsar-manager-react/src/components/shared/ChartContainer.tsx": {"path":"/Users/leon/pulsartests-1/pulsar-manager-react/src/components/shared/ChartContainer.tsx","statementMap":{"0":{"start":{"line":35,"column":4},"end":{"line":43,"column":null}},"1":{"start":{"line":36,"column":8},"end":{"line":41,"column":null}},"2":{"start":{"line":45,"column":4},"end":{"line":56,"column":null}},"3":{"start":{"line":70,"column":22},"end":{"line":88,"column":null}},"4":{"start":{"line":71,"column":4},"end":{"line":71,"column":null}},"5":{"start":{"line":71,"column":53},"end":{"line":71,"column":null}},"6":{"start":{"line":73,"column":4},"end":{"line":86,"column":null}},"7":{"start":{"line":77,"column":16},"end":{"line":84,"column":null}},"8":{"start":{"line":112,"column":20},"end":{"line":112,"column":null}},"9":{"start":{"line":112,"column":38},"end":{"line":112,"column":55}},"10":{"start":{"line":114,"column":18},"end":{"line":114,"column":null}},"11":{"start":{"line":116,"column":4},"end":{"line":178,"column":null}},"12":{"start":{"line":139,"column":24},"end":{"line":139,"column":null}},"13":{"start":{"line":139,"column":46},"end":{"line":139,"column":null}},"14":{"start":{"line":140,"column":24},"end":{"line":140,"column":null}},"15":{"start":{"line":140,"column":43},"end":{"line":140,"column":null}},"16":{"start":{"line":141,"column":24},"end":{"line":141,"column":null}},"17":{"start":{"line":153,"column":20},"end":{"line":174,"column":null}},"18":{"start":{"line":205,"column":4},"end":{"line":252,"column":null}},"19":{"start":{"line":228,"column":24},"end":{"line":228,"column":null}},"20":{"start":{"line":228,"column":46},"end":{"line":228,"column":null}},"21":{"start":{"line":229,"column":24},"end":{"line":229,"column":null}},"22":{"start":{"line":229,"column":43},"end":{"line":229,"column":null}},"23":{"start":{"line":230,"column":24},"end":{"line":230,"column":null}},"24":{"start":{"line":242,"column":20},"end":{"line":249,"column":null}}},"fnMap":{"0":{"name":"ChartContainer","decl":{"start":{"line":27,"column":24},"end":{"line":27,"column":39}},"loc":{"start":{"line":34,"column":24},"end":{"line":58,"column":null}},"line":34},"1":{"name":"(anonymous_1)","decl":{"start":{"line":70,"column":22},"end":{"line":70,"column":23}},"loc":{"start":{"line":70,"column":74},"end":{"line":88,"column":null}},"line":70},"2":{"name":"(anonymous_2)","decl":{"start":{"line":76,"column":25},"end":{"line":76,"column":26}},"loc":{"start":{"line":77,"column":16},"end":{"line":84,"column":null}},"line":77},"3":{"name":"TimeSeriesChart","decl":{"start":{"line":104,"column":16},"end":{"line":104,"column":67}},"loc":{"start":{"line":111,"column":28},"end":{"line":180,"column":null}},"line":111},"4":{"name":"(anonymous_4)","decl":{"start":{"line":112,"column":31},"end":{"line":112,"column":32}},"loc":{"start":{"line":112,"column":38},"end":{"line":112,"column":55}},"line":112},"5":{"name":"(anonymous_5)","decl":{"start":{"line":138,"column":35},"end":{"line":138,"column":36}},"loc":{"start":{"line":138,"column":46},"end":{"line":142,"column":null}},"line":138},"6":{"name":"(anonymous_6)","decl":{"start":{"line":152,"column":27},"end":{"line":152,"column":28}},"loc":{"start":{"line":153,"column":20},"end":{"line":174,"column":null}},"line":153},"7":{"name":"SimpleBarChart","decl":{"start":{"line":196,"column":16},"end":{"line":196,"column":66}},"loc":{"start":{"line":204,"column":21},"end":{"line":254,"column":null}},"line":204},"8":{"name":"(anonymous_8)","decl":{"start":{"line":227,"column":35},"end":{"line":227,"column":36}},"loc":{"start":{"line":227,"column":46},"end":{"line":231,"column":null}},"line":227},"9":{"name":"(anonymous_9)","decl":{"start":{"line":241,"column":26},"end":{"line":241,"column":27}},"loc":{"start":{"line":242,"column":20},"end":{"line":249,"column":null}},"line":242}},"branchMap":{"0":{"loc":{"start":{"line":32,"column":4},"end":{"line":32,"column":null}},"type":"default-arg","locations":[{"start":{"line":32,"column":13},"end":{"line":32,"column":null}}],"line":32},"1":{"loc":{"start":{"line":33,"column":4},"end":{"line":33,"column":null}},"type":"default-arg","locations":[{"start":{"line":33,"column":14},"end":{"line":33,"column":null}}],"line":33},"2":{"loc":{"start":{"line":35,"column":4},"end":{"line":43,"column":null}},"type":"if","locations":[{"start":{"line":35,"column":4},"end":{"line":43,"column":null}},{"start":{},"end":{}}],"line":35},"3":{"loc":{"start":{"line":38,"column":17},"end":{"line":38,"column":null}},"type":"binary-expr","locations":[{"start":{"line":38,"column":17},"end":{"line":38,"column":26}},{"start":{"line":38,"column":26},"end":{"line":38,"column":null}}],"line":38},"4":{"loc":{"start":{"line":39,"column":17},"end":{"line":39,"column":null}},"type":"binary-expr","locations":[{"start":{"line":39,"column":17},"end":{"line":39,"column":29}},{"start":{"line":39,"column":29},"end":{"line":39,"column":null}}],"line":39},"5":{"loc":{"start":{"line":47,"column":14},"end":{"line":51,"column":null}},"type":"binary-expr","locations":[{"start":{"line":47,"column":14},"end":{"line":47,"column":23}},{"start":{"line":47,"column":23},"end":{"line":47,"column":null}},{"start":{"line":48,"column":16},"end":{"line":51,"column":null}}],"line":47},"6":{"loc":{"start":{"line":49,"column":21},"end":{"line":49,"column":null}},"type":"binary-expr","locations":[{"start":{"line":49,"column":21},"end":{"line":49,"column":30}},{"start":{"line":49,"column":30},"end":{"line":49,"column":null}}],"line":49},"7":{"loc":{"start":{"line":50,"column":21},"end":{"line":50,"column":null}},"type":"binary-expr","locations":[{"start":{"line":50,"column":21},"end":{"line":50,"column":33}},{"start":{"line":50,"column":33},"end":{"line":50,"column":null}}],"line":50},"8":{"loc":{"start":{"line":71,"column":4},"end":{"line":71,"column":null}},"type":"if","locations":[{"start":{"line":71,"column":4},"end":{"line":71,"column":null}},{"start":{},"end":{}}],"line":71},"9":{"loc":{"start":{"line":71,"column":8},"end":{"line":71,"column":53}},"type":"binary-expr","locations":[{"start":{"line":71,"column":8},"end":{"line":71,"column":19}},{"start":{"line":71,"column":19},"end":{"line":71,"column":31}},{"start":{"line":71,"column":31},"end":{"line":71,"column":53}}],"line":71},"10":{"loc":{"start":{"line":108,"column":4},"end":{"line":108,"column":null}},"type":"default-arg","locations":[{"start":{"line":108,"column":13},"end":{"line":108,"column":null}}],"line":108},"11":{"loc":{"start":{"line":109,"column":4},"end":{"line":109,"column":null}},"type":"default-arg","locations":[{"start":{"line":109,"column":15},"end":{"line":109,"column":null}}],"line":109},"12":{"loc":{"start":{"line":110,"column":4},"end":{"line":110,"column":null}},"type":"default-arg","locations":[{"start":{"line":110,"column":17},"end":{"line":110,"column":null}}],"line":110},"13":{"loc":{"start":{"line":114,"column":18},"end":{"line":114,"column":null}},"type":"cond-expr","locations":[{"start":{"line":114,"column":28},"end":{"line":114,"column":40}},{"start":{"line":114,"column":40},"end":{"line":114,"column":null}}],"line":114},"14":{"loc":{"start":{"line":119,"column":17},"end":{"line":124,"column":null}},"type":"binary-expr","locations":[{"start":{"line":119,"column":17},"end":{"line":119,"column":null}},{"start":{"line":120,"column":20},"end":{"line":124,"column":null}}],"line":119},"15":{"loc":{"start":{"line":139,"column":24},"end":{"line":139,"column":null}},"type":"if","locations":[{"start":{"line":139,"column":24},"end":{"line":139,"column":null}},{"start":{},"end":{}}],"line":139},"16":{"loc":{"start":{"line":140,"column":24},"end":{"line":140,"column":null}},"type":"if","locations":[{"start":{"line":140,"column":24},"end":{"line":140,"column":null}},{"start":{},"end":{}}],"line":140},"17":{"loc":{"start":{"line":145,"column":17},"end":{"line":150,"column":null}},"type":"binary-expr","locations":[{"start":{"line":145,"column":17},"end":{"line":145,"column":null}},{"start":{"line":146,"column":20},"end":{"line":150,"column":null}}],"line":145},"18":{"loc":{"start":{"line":153,"column":20},"end":{"line":174,"column":null}},"type":"cond-expr","locations":[{"start":{"line":154,"column":24},"end":{"line":163,"column":null}},{"start":{"line":165,"column":24},"end":{"line":174,"column":null}}],"line":153},"19":{"loc":{"start":{"line":200,"column":4},"end":{"line":200,"column":null}},"type":"default-arg","locations":[{"start":{"line":200,"column":13},"end":{"line":200,"column":null}}],"line":200},"20":{"loc":{"start":{"line":201,"column":4},"end":{"line":201,"column":null}},"type":"default-arg","locations":[{"start":{"line":201,"column":15},"end":{"line":201,"column":null}}],"line":201},"21":{"loc":{"start":{"line":202,"column":4},"end":{"line":202,"column":null}},"type":"default-arg","locations":[{"start":{"line":202,"column":17},"end":{"line":202,"column":null}}],"line":202},"22":{"loc":{"start":{"line":203,"column":4},"end":{"line":203,"column":null}},"type":"default-arg","locations":[{"start":{"line":203,"column":14},"end":{"line":203,"column":null}}],"line":203},"23":{"loc":{"start":{"line":208,"column":17},"end":{"line":213,"column":null}},"type":"binary-expr","locations":[{"start":{"line":208,"column":17},"end":{"line":208,"column":null}},{"start":{"line":209,"column":20},"end":{"line":213,"column":null}}],"line":208},"24":{"loc":{"start":{"line":228,"column":24},"end":{"line":228,"column":null}},"type":"if","locations":[{"start":{"line":228,"column":24},"end":{"line":228,"column":null}},{"start":{},"end":{}}],"line":228},"25":{"loc":{"start":{"line":229,"column":24},"end":{"line":229,"column":null}},"type":"if","locations":[{"start":{"line":229,"column":24},"end":{"line":229,"column":null}},{"start":{},"end":{}}],"line":229},"26":{"loc":{"start":{"line":234,"column":17},"end":{"line":239,"column":null}},"type":"binary-expr","locations":[{"start":{"line":234,"column":17},"end":{"line":234,"column":null}},{"start":{"line":235,"column":20},"end":{"line":239,"column":null}}],"line":234},"27":{"loc":{"start":{"line":248,"column":33},"end":{"line":248,"column":null}},"type":"cond-expr","locations":[{"start":{"line":248,"column":43},"end":{"line":248,"column":53}},{"start":{"line":248,"column":53},"end":{"line":248,"column":null}}],"line":248}},"s":{"0":54,"1":32,"2":22,"3":1,"4":0,"5":0,"6":0,"7":0,"8":11,"9":11,"10":11,"11":11,"12":0,"13":0,"14":0,"15":0,"16":0,"17":22,"18":11,"19":0,"20":0,"21":0,"22":0,"23":0,"24":22},"f":{"0":54,"1":0,"2":0,"3":11,"4":11,"5":0,"6":22,"7":11,"8":0,"9":22},"b":{"0":[54],"1":[54],"2":[32,22],"3":[32,32],"4":[32,32],"5":[22,0,22],"6":[22,22],"7":[22,22],"8":[0,0],"9":[0,0,0],"10":[11],"11":[11],"12":[11],"13":[11,0],"14":[11,11],"15":[0,0],"16":[0,0],"17":[11,11],"18":[22,0],"19":[11],"20":[11],"21":[11],"22":[11],"23":[11,11],"24":[0,0],"25":[0,0],"26":[11,11],"27":[0,22]},"meta":{"lastBranch":28,"lastFunction":10,"lastStatement":25,"seen":{"f:27:24:27:39":0,"b:32:13:32:Infinity":0,"b:33:14:33:Infinity":1,"b:35:4:43:Infinity:undefined:undefined:undefined:undefined":2,"s:35:4:43:Infinity":0,"s:36:8:41:Infinity":1,"b:38:17:38:26:38:26:38:Infinity":3,"b:39:17:39:29:39:29:39:Infinity":4,"s:45:4:56:Infinity":2,"b:47:14:47:23:47:23:47:Infinity:48:16:51:Infinity":5,"b:49:21:49:30:49:30:49:Infinity":6,"b:50:21:50:33:50:33:50:Infinity":7,"s:70:22:88:Infinity":3,"f:70:22:70:23":1,"b:71:4:71:Infinity:undefined:undefined:undefined:undefined":8,"s:71:4:71:Infinity":4,"b:71:8:71:19:71:19:71:31:71:31:71:53":9,"s:71:53:71:Infinity":5,"s:73:4:86:Infinity":6,"f:76:25:76:26":2,"s:77:16:84:Infinity":7,"f:104:16:104:67":3,"b:108:13:108:Infinity":10,"b:109:15:109:Infinity":11,"b:110:17:110:Infinity":12,"s:112:20:112:Infinity":8,"f:112:31:112:32":4,"s:112:38:112:55":9,"s:114:18:114:Infinity":10,"b:114:28:114:40:114:40:114:Infinity":13,"s:116:4:178:Infinity":11,"b:119:17:119:Infinity:120:20:124:Infinity":14,"f:138:35:138:36":5,"b:139:24:139:Infinity:undefined:undefined:undefined:undefined":15,"s:139:24:139:Infinity":12,"s:139:46:139:Infinity":13,"b:140:24:140:Infinity:undefined:undefined:undefined:undefined":16,"s:140:24:140:Infinity":14,"s:140:43:140:Infinity":15,"s:141:24:141:Infinity":16,"b:145:17:145:Infinity:146:20:150:Infinity":17,"f:152:27:152:28":6,"s:153:20:174:Infinity":17,"b:154:24:163:Infinity:165:24:174:Infinity":18,"f:196:16:196:66":7,"b:200:13:200:Infinity":19,"b:201:15:201:Infinity":20,"b:202:17:202:Infinity":21,"b:203:14:203:Infinity":22,"s:205:4:252:Infinity":18,"b:208:17:208:Infinity:209:20:213:Infinity":23,"f:227:35:227:36":8,"b:228:24:228:Infinity:undefined:undefined:undefined:undefined":24,"s:228:24:228:Infinity":19,"s:228:46:228:Infinity":20,"b:229:24:229:Infinity:undefined:undefined:undefined:undefined":25,"s:229:24:229:Infinity":21,"s:229:43:229:Infinity":22,"s:230:24:230:Infinity":23,"b:234:17:234:Infinity:235:20:239:Infinity":26,"f:241:26:241:27":9,"s:242:20:249:Infinity":24,"b:248:43:248:53:248:53:248:Infinity":27}}}
,"/Users/leon/pulsartests-1/pulsar-manager-react/src/components/shared/ConfirmDialog.tsx": {"path":"/Users/leon/pulsartests-1/pulsar-manager-react/src/components/shared/ConfirmDialog.tsx","statementMap":{"0":{"start":{"line":18,"column":22},"end":{"line":39,"column":null}},"1":{"start":{"line":52,"column":19},"end":{"line":52,"column":null}},"2":{"start":{"line":53,"column":17},"end":{"line":53,"column":null}},"3":{"start":{"line":55,"column":26},"end":{"line":58,"column":null}},"4":{"start":{"line":56,"column":8},"end":{"line":56,"column":null}},"5":{"start":{"line":57,"column":8},"end":{"line":57,"column":null}},"6":{"start":{"line":60,"column":4},"end":{"line":124,"column":null}}},"fnMap":{"0":{"name":"ConfirmDialog","decl":{"start":{"line":41,"column":24},"end":{"line":41,"column":38}},"loc":{"start":{"line":51,"column":23},"end":{"line":126,"column":null}},"line":51},"1":{"name":"(anonymous_1)","decl":{"start":{"line":55,"column":26},"end":{"line":55,"column":38}},"loc":{"start":{"line":55,"column":38},"end":{"line":58,"column":null}},"line":55}},"branchMap":{"0":{"loc":{"start":{"line":46,"column":4},"end":{"line":46,"column":null}},"type":"default-arg","locations":[{"start":{"line":46,"column":19},"end":{"line":46,"column":null}}],"line":46},"1":{"loc":{"start":{"line":47,"column":4},"end":{"line":47,"column":null}},"type":"default-arg","locations":[{"start":{"line":47,"column":18},"end":{"line":47,"column":null}}],"line":47},"2":{"loc":{"start":{"line":49,"column":4},"end":{"line":49,"column":null}},"type":"default-arg","locations":[{"start":{"line":49,"column":14},"end":{"line":49,"column":null}}],"line":49},"3":{"loc":{"start":{"line":50,"column":4},"end":{"line":50,"column":null}},"type":"default-arg","locations":[{"start":{"line":50,"column":14},"end":{"line":50,"column":null}}],"line":50},"4":{"loc":{"start":{"line":63,"column":17},"end":{"line":121,"column":null}},"type":"binary-expr","locations":[{"start":{"line":63,"column":17},"end":{"line":63,"column":null}},{"start":{"line":64,"column":20},"end":{"line":121,"column":null}}],"line":63},"5":{"loc":{"start":{"line":116,"column":41},"end":{"line":116,"column":null}},"type":"cond-expr","locations":[{"start":{"line":116,"column":51},"end":{"line":116,"column":66}},{"start":{"line":116,"column":66},"end":{"line":116,"column":null}}],"line":116}},"s":{"0":2,"1":14,"2":14,"3":14,"4":3,"5":2,"6":14},"f":{"0":14,"1":3},"b":{"0":[14],"1":[14],"2":[14],"3":[14],"4":[14,13],"5":[2,11]},"meta":{"lastBranch":6,"lastFunction":2,"lastStatement":7,"seen":{"s:18:22:39:Infinity":0,"f:41:24:41:38":0,"b:46:19:46:Infinity":0,"b:47:18:47:Infinity":1,"b:49:14:49:Infinity":2,"b:50:14:50:Infinity":3,"s:52:19:52:Infinity":1,"s:53:17:53:Infinity":2,"s:55:26:58:Infinity":3,"f:55:26:55:38":1,"s:56:8:56:Infinity":4,"s:57:8:57:Infinity":5,"s:60:4:124:Infinity":6,"b:63:17:63:Infinity:64:20:121:Infinity":4,"b:116:51:116:66:116:66:116:Infinity":5}}}
,"/Users/leon/pulsartests-1/pulsar-manager-react/src/components/shared/DataTable.tsx": {"path":"/Users/leon/pulsartests-1/pulsar-manager-react/src/components/shared/DataTable.tsx","statementMap":{"0":{"start":{"line":56,"column":30},"end":{"line":56,"column":null}},"1":{"start":{"line":57,"column":42},"end":{"line":57,"column":null}},"2":{"start":{"line":58,"column":38},"end":{"line":58,"column":null}},"3":{"start":{"line":59,"column":38},"end":{"line":59,"column":null}},"4":{"start":{"line":61,"column":23},"end":{"line":75,"column":null}},"5":{"start":{"line":62,"column":8},"end":{"line":62,"column":null}},"6":{"start":{"line":62,"column":30},"end":{"line":62,"column":null}},"7":{"start":{"line":64,"column":8},"end":{"line":74,"column":null}},"8":{"start":{"line":65,"column":12},"end":{"line":70,"column":null}},"9":{"start":{"line":66,"column":16},"end":{"line":66,"column":null}},"10":{"start":{"line":67,"column":12},"end":{"line":70,"column":null}},"11":{"start":{"line":68,"column":16},"end":{"line":68,"column":null}},"12":{"start":{"line":69,"column":16},"end":{"line":69,"column":null}},"13":{"start":{"line":72,"column":12},"end":{"line":72,"column":null}},"14":{"start":{"line":73,"column":12},"end":{"line":73,"column":null}},"15":{"start":{"line":77,"column":10},"end":{"line":88,"column":null}},"16":{"start":{"line":78,"column":8},"end":{"line":78,"column":null}},"17":{"start":{"line":78,"column":33},"end":{"line":78,"column":null}},"18":{"start":{"line":80,"column":22},"end":{"line":80,"column":null}},"19":{"start":{"line":81,"column":8},"end":{"line":87,"column":null}},"20":{"start":{"line":82,"column":33},"end":{"line":82,"column":null}},"21":{"start":{"line":83,"column":12},"end":{"line":86,"column":null}},"22":{"start":{"line":84,"column":30},"end":{"line":84,"column":null}},"23":{"start":{"line":85,"column":16},"end":{"line":85,"column":null}},"24":{"start":{"line":90,"column":10},"end":{"line":110,"column":null}},"25":{"start":{"line":91,"column":8},"end":{"line":91,"column":null}},"26":{"start":{"line":91,"column":40},"end":{"line":91,"column":null}},"27":{"start":{"line":93,"column":23},"end":{"line":93,"column":null}},"28":{"start":{"line":93,"column":43},"end":{"line":93,"column":60}},"29":{"start":{"line":94,"column":8},"end":{"line":94,"column":null}},"30":{"start":{"line":94,"column":21},"end":{"line":94,"column":null}},"31":{"start":{"line":96,"column":8},"end":{"line":109,"column":null}},"32":{"start":{"line":97,"column":27},"end":{"line":97,"column":null}},"33":{"start":{"line":98,"column":27},"end":{"line":98,"column":null}},"34":{"start":{"line":100,"column":12},"end":{"line":102,"column":null}},"35":{"start":{"line":101,"column":16},"end":{"line":101,"column":null}},"36":{"start":{"line":104,"column":25},"end":{"line":104,"column":null}},"37":{"start":{"line":105,"column":25},"end":{"line":105,"column":null}},"38":{"start":{"line":106,"column":12},"end":{"line":108,"column":null}},"39":{"start":{"line":112,"column":23},"end":{"line":112,"column":null}},"40":{"start":{"line":113,"column":10},"end":{"line":116,"column":null}},"41":{"start":{"line":114,"column":14},"end":{"line":114,"column":null}},"42":{"start":{"line":115,"column":8},"end":{"line":115,"column":null}},"43":{"start":{"line":118,"column":21},"end":{"line":130,"column":null}},"44":{"start":{"line":119,"column":8},"end":{"line":119,"column":null}},"45":{"start":{"line":119,"column":30},"end":{"line":119,"column":null}},"46":{"start":{"line":121,"column":8},"end":{"line":123,"column":null}},"47":{"start":{"line":122,"column":12},"end":{"line":122,"column":null}},"48":{"start":{"line":125,"column":8},"end":{"line":128,"column":null}},"49":{"start":{"line":132,"column":4},"end":{"line":141,"column":null}},"50":{"start":{"line":133,"column":8},"end":{"line":139,"column":null}},"51":{"start":{"line":143,"column":4},"end":{"line":289,"column":null}},"52":{"start":{"line":153,"column":32},"end":{"line":153,"column":null}},"53":{"start":{"line":154,"column":32},"end":{"line":154,"column":null}},"54":{"start":{"line":161,"column":47},"end":{"line":161,"column":null}},"55":{"start":{"line":176,"column":32},"end":{"line":189,"column":null}},"56":{"start":{"line":178,"column":51},"end":{"line":178,"column":null}},"57":{"start":{"line":206,"column":36},"end":{"line":227,"column":null}},"58":{"start":{"line":212,"column":55},"end":{"line":212,"column":null}},"59":{"start":{"line":220,"column":44},"end":{"line":225,"column":null}},"60":{"start":{"line":244,"column":43},"end":{"line":244,"column":null}},"61":{"start":{"line":244,"column":65},"end":{"line":244,"column":83}},"62":{"start":{"line":253,"column":32},"end":{"line":261,"column":null}},"63":{"start":{"line":254,"column":36},"end":{"line":254,"column":null}},"64":{"start":{"line":255,"column":32},"end":{"line":261,"column":null}},"65":{"start":{"line":256,"column":36},"end":{"line":256,"column":null}},"66":{"start":{"line":257,"column":32},"end":{"line":261,"column":null}},"67":{"start":{"line":258,"column":36},"end":{"line":258,"column":null}},"68":{"start":{"line":260,"column":36},"end":{"line":260,"column":null}},"69":{"start":{"line":263,"column":32},"end":{"line":275,"column":null}},"70":{"start":{"line":266,"column":55},"end":{"line":266,"column":null}},"71":{"start":{"line":280,"column":43},"end":{"line":280,"column":null}},"72":{"start":{"line":280,"column":65},"end":{"line":280,"column":92}}},"fnMap":{"0":{"name":"DataTable","decl":{"start":{"line":42,"column":24},"end":{"line":42,"column":69}},"loc":{"start":{"line":55,"column":22},"end":{"line":291,"column":null}},"line":55},"1":{"name":"(anonymous_1)","decl":{"start":{"line":61,"column":23},"end":{"line":61,"column":24}},"loc":{"start":{"line":61,"column":59},"end":{"line":75,"column":null}},"line":61},"2":{"name":"(anonymous_2)","decl":{"start":{"line":77,"column":33},"end":{"line":77,"column":39}},"loc":{"start":{"line":77,"column":39},"end":{"line":88,"column":7}},"line":77},"3":{"name":"(anonymous_3)","decl":{"start":{"line":81,"column":27},"end":{"line":81,"column":28}},"loc":{"start":{"line":81,"column":36},"end":{"line":87,"column":9}},"line":81},"4":{"name":"(anonymous_4)","decl":{"start":{"line":83,"column":37},"end":{"line":83,"column":38}},"loc":{"start":{"line":83,"column":46},"end":{"line":86,"column":13}},"line":83},"5":{"name":"(anonymous_5)","decl":{"start":{"line":90,"column":31},"end":{"line":90,"column":37}},"loc":{"start":{"line":90,"column":37},"end":{"line":110,"column":7}},"line":90},"6":{"name":"(anonymous_6)","decl":{"start":{"line":93,"column":36},"end":{"line":93,"column":37}},"loc":{"start":{"line":93,"column":43},"end":{"line":93,"column":60}},"line":93},"7":{"name":"(anonymous_7)","decl":{"start":{"line":96,"column":38},"end":{"line":96,"column":39}},"loc":{"start":{"line":96,"column":48},"end":{"line":109,"column":9}},"line":96},"8":{"name":"(anonymous_8)","decl":{"start":{"line":113,"column":34},"end":{"line":113,"column":40}},"loc":{"start":{"line":113,"column":40},"end":{"line":116,"column":7}},"line":113},"9":{"name":"(anonymous_9)","decl":{"start":{"line":118,"column":21},"end":{"line":118,"column":22}},"loc":{"start":{"line":118,"column":60},"end":{"line":130,"column":null}},"line":118},"10":{"name":"(anonymous_10)","decl":{"start":{"line":152,"column":38},"end":{"line":152,"column":39}},"loc":{"start":{"line":152,"column":45},"end":{"line":155,"column":null}},"line":152},"11":{"name":"(anonymous_11)","decl":{"start":{"line":161,"column":41},"end":{"line":161,"column":47}},"loc":{"start":{"line":161,"column":47},"end":{"line":161,"column":null}},"line":161},"12":{"name":"(anonymous_12)","decl":{"start":{"line":175,"column":41},"end":{"line":175,"column":42}},"loc":{"start":{"line":176,"column":32},"end":{"line":189,"column":null}},"line":176},"13":{"name":"(anonymous_13)","decl":{"start":{"line":178,"column":45},"end":{"line":178,"column":51}},"loc":{"start":{"line":178,"column":51},"end":{"line":178,"column":null}},"line":178},"14":{"name":"(anonymous_14)","decl":{"start":{"line":205,"column":50},"end":{"line":205,"column":51}},"loc":{"start":{"line":206,"column":36},"end":{"line":227,"column":null}},"line":206},"15":{"name":"(anonymous_15)","decl":{"start":{"line":212,"column":49},"end":{"line":212,"column":55}},"loc":{"start":{"line":212,"column":55},"end":{"line":212,"column":null}},"line":212},"16":{"name":"(anonymous_16)","decl":{"start":{"line":219,"column":53},"end":{"line":219,"column":54}},"loc":{"start":{"line":220,"column":44},"end":{"line":225,"column":null}},"line":220},"17":{"name":"(anonymous_17)","decl":{"start":{"line":244,"column":37},"end":{"line":244,"column":43}},"loc":{"start":{"line":244,"column":43},"end":{"line":244,"column":null}},"line":244},"18":{"name":"(anonymous_18)","decl":{"start":{"line":244,"column":58},"end":{"line":244,"column":59}},"loc":{"start":{"line":244,"column":65},"end":{"line":244,"column":83}},"line":244},"19":{"name":"(anonymous_19)","decl":{"start":{"line":251,"column":77},"end":{"line":251,"column":78}},"loc":{"start":{"line":251,"column":87},"end":{"line":277,"column":29}},"line":251},"20":{"name":"(anonymous_20)","decl":{"start":{"line":266,"column":49},"end":{"line":266,"column":55}},"loc":{"start":{"line":266,"column":55},"end":{"line":266,"column":null}},"line":266},"21":{"name":"(anonymous_21)","decl":{"start":{"line":280,"column":37},"end":{"line":280,"column":43}},"loc":{"start":{"line":280,"column":43},"end":{"line":280,"column":null}},"line":280},"22":{"name":"(anonymous_22)","decl":{"start":{"line":280,"column":58},"end":{"line":280,"column":59}},"loc":{"start":{"line":280,"column":65},"end":{"line":280,"column":92}},"line":280}},"branchMap":{"0":{"loc":{"start":{"line":46,"column":4},"end":{"line":46,"column":null}},"type":"default-arg","locations":[{"start":{"line":46,"column":14},"end":{"line":46,"column":null}}],"line":46},"1":{"loc":{"start":{"line":47,"column":4},"end":{"line":47,"column":null}},"type":"default-arg","locations":[{"start":{"line":47,"column":17},"end":{"line":47,"column":null}}],"line":47},"2":{"loc":{"start":{"line":48,"column":4},"end":{"line":48,"column":null}},"type":"default-arg","locations":[{"start":{"line":48,"column":24},"end":{"line":48,"column":null}}],"line":48},"3":{"loc":{"start":{"line":50,"column":4},"end":{"line":50,"column":null}},"type":"default-arg","locations":[{"start":{"line":50,"column":15},"end":{"line":50,"column":null}}],"line":50},"4":{"loc":{"start":{"line":51,"column":4},"end":{"line":51,"column":null}},"type":"default-arg","locations":[{"start":{"line":51,"column":19},"end":{"line":51,"column":null}}],"line":51},"5":{"loc":{"start":{"line":54,"column":4},"end":{"line":54,"column":null}},"type":"default-arg","locations":[{"start":{"line":54,"column":19},"end":{"line":54,"column":null}}],"line":54},"6":{"loc":{"start":{"line":62,"column":8},"end":{"line":62,"column":null}},"type":"if","locations":[{"start":{"line":62,"column":8},"end":{"line":62,"column":null}},{"start":{},"end":{}}],"line":62},"7":{"loc":{"start":{"line":64,"column":8},"end":{"line":74,"column":null}},"type":"if","locations":[{"start":{"line":64,"column":8},"end":{"line":74,"column":null}},{"start":{"line":71,"column":15},"end":{"line":74,"column":null}}],"line":64},"8":{"loc":{"start":{"line":65,"column":12},"end":{"line":70,"column":null}},"type":"if","locations":[{"start":{"line":65,"column":12},"end":{"line":70,"column":null}},{"start":{"line":67,"column":12},"end":{"line":70,"column":null}}],"line":65},"9":{"loc":{"start":{"line":67,"column":12},"end":{"line":70,"column":null}},"type":"if","locations":[{"start":{"line":67,"column":12},"end":{"line":70,"column":null}},{"start":{},"end":{}}],"line":67},"10":{"loc":{"start":{"line":78,"column":8},"end":{"line":78,"column":null}},"type":"if","locations":[{"start":{"line":78,"column":8},"end":{"line":78,"column":null}},{"start":{},"end":{}}],"line":78},"11":{"loc":{"start":{"line":82,"column":33},"end":{"line":82,"column":null}},"type":"binary-expr","locations":[{"start":{"line":82,"column":33},"end":{"line":82,"column":48}},{"start":{"line":82,"column":48},"end":{"line":82,"column":null}}],"line":82},"12":{"loc":{"start":{"line":91,"column"
[...]
,"/Users/leon/pulsartests-1/pulsar-manager-react/src/pages/Environment.tsx": {"path":"/Users/leon/pulsartests-1/pulsar-manager-react/src/pages/Environment.tsx","statementMap":{"0":{"start":{"line":8,"column":50},"end":{"line":8,"column":null}},"1":{"start":{"line":9,"column":10},"end":{"line":9,"column":null}},"2":{"start":{"line":10,"column":10},"end":{"line":10,"column":null}},"3":{"start":{"line":12,"column":32},"end":{"line":18,"column":null}},"4":{"start":{"line":20,"column":36},"end":{"line":24,"column":null}},"5":{"start":{"line":26,"column":23},"end":{"line":40,"column":null}},"6":{"start":{"line":27,"column":8},"end":{"line":27,"column":null}},"7":{"start":{"line":28,"column":8},"end":{"line":39,"column":null}},"8":{"start":{"line":29,"column":27},"end":{"line":32,"column":null}},"9":{"start":{"line":33,"column":12},"end":{"line":33,"column":null}},"10":{"start":{"line":35,"column":12},"end":{"line":38,"column":null}},"11":{"start":{"line":42,"column":23},"end":{"line":65,"column":null}},"12":{"start":{"line":43,"column":8},"end":{"line":46,"column":null}},"13":{"start":{"line":44,"column":12},"end":{"line":44,"column":null}},"14":{"start":{"line":45,"column":12},"end":{"line":45,"column":null}},"15":{"start":{"line":47,"column":8},"end":{"line":50,"column":null}},"16":{"start":{"line":48,"column":12},"end":{"line":48,"column":null}},"17":{"start":{"line":49,"column":12},"end":{"line":49,"column":null}},"18":{"start":{"line":52,"column":8},"end":{"line":64,"column":null}},"19":{"start":{"line":53,"column":12},"end":{"line":59,"column":null}},"20":{"start":{"line":60,"column":12},"end":{"line":60,"column":null}},"21":{"start":{"line":61,"column":12},"end":{"line":61,"column":null}},"22":{"start":{"line":63,"column":12},"end":{"line":63,"column":null}},"23":{"start":{"line":67,"column":4},"end":{"line":227,"column":null}},"24":{"start":{"line":123,"column":49},"end":{"line":123,"column":null}},"25":{"start":{"line":134,"column":49},"end":{"line":134,"column":null}},"26":{"start":{"line":144,"column":49},"end":{"line":144,"column":null}},"27":{"start":{"line":161,"column":53},"end":{"line":161,"column":null}},"28":{"start":{"line":173,"column":49},"end":{"line":173,"column":null}}},"fnMap":{"0":{"name":"EnvironmentPage","decl":{"start":{"line":7,"column":24},"end":{"line":7,"column":42}},"loc":{"start":{"line":7,"column":42},"end":{"line":229,"column":null}},"line":7},"1":{"name":"(anonymous_1)","decl":{"start":{"line":26,"column":23},"end":{"line":26,"column":35}},"loc":{"start":{"line":26,"column":35},"end":{"line":40,"column":null}},"line":26},"2":{"name":"(anonymous_2)","decl":{"start":{"line":42,"column":23},"end":{"line":42,"column":35}},"loc":{"start":{"line":42,"column":35},"end":{"line":65,"column":null}},"line":42},"3":{"name":"(anonymous_3)","decl":{"start":{"line":123,"column":42},"end":{"line":123,"column":43}},"loc":{"start":{"line":123,"column":49},"end":{"line":123,"column":null}},"line":123},"4":{"name":"(anonymous_4)","decl":{"start":{"line":134,"column":42},"end":{"line":134,"column":43}},"loc":{"start":{"line":134,"column":49},"end":{"line":134,"column":null}},"line":134},"5":{"name":"(anonymous_5)","decl":{"start":{"line":144,"column":42},"end":{"line":144,"column":43}},"loc":{"start":{"line":144,"column":49},"end":{"line":144,"column":null}},"line":144},"6":{"name":"(anonymous_6)","decl":{"start":{"line":161,"column":46},"end":{"line":161,"column":47}},"loc":{"start":{"line":161,"column":53},"end":{"line":161,"column":null}},"line":161},"7":{"name":"(anonymous_7)","decl":{"start":{"line":173,"column":42},"end":{"line":173,"column":43}},"loc":{"start":{"line":173,"column":49},"end":{"line":173,"column":null}},"line":173}},"branchMap":{"0":{"loc":{"start":{"line":31,"column":23},"end":{"line":31,"column":null}},"type":"cond-expr","locations":[{"start":{"line":31,"column":56},"end":{"line":31,"column":73}},{"start":{"line":31,"column":73},"end":{"line":31,"column":null}}],"line":31},"1":{"loc":{"start":{"line":43,"column":8},"end":{"line":46,"column":null}},"type":"if","locations":[{"start":{"line":43,"column":8},"end":{"line":46,"column":null}},{"start":{},"end":{}}],"line":43},"2":{"loc":{"start":{"line":47,"column":8},"end":{"line":50,"column":null}},"type":"if","locations":[{"start":{"line":47,"column":8},"end":{"line":50,"column":null}},{"start":{},"end":{}}],"line":47},"3":{"loc":{"start":{"line":57,"column":23},"end":{"line":57,"column":null}},"type":"cond-expr","locations":[{"start":{"line":57,"column":56},"end":{"line":57,"column":73}},{"start":{"line":57,"column":73},"end":{"line":57,"column":null}}],"line":57},"4":{"loc":{"start":{"line":74,"column":13},"end":{"line":225,"column":null}},"type":"cond-expr","locations":[{"start":{"line":75,"column":16},"end":{"line":75,"column":null}},{"start":{"line":76,"column":16},"end":{"line":225,"column":null}}],"line":74},"5":{"loc":{"start":{"line":76,"column":16},"end":{"line":225,"column":null}},"type":"cond-expr","locations":[{"start":{"line":77,"column":16},"end":{"line":100,"column":null}},{"start":{"line":102,"column":16},"end":{"line":225,"column":null}}],"line":76},"6":{"loc":{"start":{"line":94,"column":33},"end":{"line":95,"column":null}},"type":"binary-expr","locations":[{"start":{"line":94,"column":33},"end":{"line":94,"column":null}},{"start":{"line":95,"column":36},"end":{"line":95,"column":null}}],"line":94},"7":{"loc":{"start":{"line":152,"column":25},"end":{"line":165,"column":null}},"type":"binary-expr","locations":[{"start":{"line":152,"column":25},"end":{"line":152,"column":null}},{"start":{"line":153,"column":28},"end":{"line":165,"column":null}}],"line":152},"8":{"loc":{"start":{"line":181,"column":25},"end":{"line":200,"column":null}},"type":"binary-expr","locations":[{"start":{"line":181,"column":25},"end":{"line":181,"column":null}},{"start":{"line":182,"column":28},"end":{"line":200,"column":null}}],"line":181},"9":{"loc":{"start":{"line":185,"column":61},"end":{"line":185,"column":169}},"type":"cond-expr","locations":[{"start":{"line":185,"column":82},"end":{"line":185,"column":129}},{"start":{"line":185,"column":129},"end":{"line":185,"column":169}}],"line":185},"10":{"loc":{"start":{"line":188,"column":37},"end":{"line":191,"column":null}},"type":"cond-expr","locations":[{"start":{"line":189,"column":40},"end":{"line":189,"column":null}},{"start":{"line":191,"column":40},"end":{"line":191,"column":null}}],"line":188},"11":{"loc":{"start":{"line":194,"column":37},"end":{"line":197,"column":null}},"type":"binary-expr","locations":[{"start":{"line":194,"column":37},"end":{"line":194,"column":null}},{"start":{"line":195,"column":40},"end":{"line":197,"column":null}}],"line":194},"12":{"loc":{"start":{"line":206,"column":42},"end":{"line":206,"column":null}},"type":"binary-expr","locations":[{"start":{"line":206,"column":42},"end":{"line":206,"column":65}},{"start":{"line":206,"column":65},"end":{"line":206,"column":null}}],"line":206},"13":{"loc":{"start":{"line":209,"column":33},"end":{"line":212,"column":null}},"type":"cond-expr","locations":[{"start":{"line":210,"column":36},"end":{"line":210,"column":null}},{"start":{"line":212,"column":36},"end":{"line":212,"column":null}}],"line":209},"14":{"loc":{"start":{"line":218,"column":42},"end":{"line":218,"column":null}},"type":"binary-expr","locations":[{"start":{"line":218,"column":42},"end":{"line":218,"column":60}},{"start":{"line":218,"column":60},"end":{"line":218,"column":83}},{"start":{"line":218,"column":83},"end":{"line":218,"column":null}}],"line":218},"15":{"loc":{"start":{"line":221,"column":33},"end":{"line":221,"column":null}},"type":"cond-expr","locations":[{"start":{"line":221,"column":63},"end":{"line":221,"column":77}},{"start":{"line":221,"column":77},"end":{"line":221,"column":null}}],"line":221}},"s":{"0":33,"1":33,"2":33,"3":33,"4":33,"5":33,"6":1,"7":1,"8":1,"9":1,"10":0,"11":33,"12":1,"13":0,"14":0,"15":1,"16":0,"17":0,"18":1,"19":1,"20":1,"21":1,"22":0,"23":33,"24":2,"25":3,"26":1,"27":0,"28":0},"f":{"0":33,"1":1,"2":1,"3":2,"4":3,"5":1,"6":0,"7":0},"b":{"0":[0,1],"1":[0,1],"2":[0,1],"3":[0,1],"4":[12,21],"5":[1,20],"6":[1,0],"7":[20,1],"8":[20,2],"9":[2,0],"10":[2,0],"11":[2,2],"12":[20,7],"13":[1,19],"14":[20,5,3],"15":[0,20]},"meta":{"lastBranch":16,"lastFunction":8,"lastStatement":29,"seen":{"f:7:24:7:42":0,"s:8:50:8:Infinity":0,"s:9:10:9:Infinity":1,"s:10:10:10:Infinity":2,"s:12:32:18:Infinity":3,"s:20:36:24:Infinity":4,"s:26:23:40:Infinity":5,"f:26:23:26:35":1,"s:27:8:27:Infinity":6,"s:28:8:39:Infinity":7,"s:29:27:32:Infinity":8,"b:31:56:31:73:31:73:31:Infinity":0,"s:33:12:33:Infinity":9,"s:35:12:38:Infinity":10,"s:42:23:65:Infinity":11,"f:42:23:42:35":2,"b:43:8:46:Infinity:undefined:undefined:undefined:undefined":1,"s:43:8:46:Infinity":12,"s:44:12:44:Infinity":13,"s:45:12:45:Infinity":14,"b:47:8:50:Infinity:undefined:undefined:undefined:undefined":2,"s:47:8:50:Infinity":15,"s:48:12:48:Infinity":16,"s:49:12:49:Infinity":17,"s:52:8:64:Infinity":18,"s:53:12:59:Infinity":19,"b:57:56:57:73:57:73:57:Infinity":3,"s:60:12:60:Infinity":20,"s:61:12:61:Infinity":21,"s:63:12:63:Infinity":22,"s:67:4:227:Infinity":23,"b:75:16:75:Infinity:76:16:225:Infinity":4,"b:77:16:100:Infinity:102:16:225:Infinity":5,"b:94:33:94:Infinity:95:36:95:Infinity":6,"f:123:42:123:43":3,"s:123:49:123:Infinity":24,"f:134:42:134:43":4,"s:134:49:134:Infinity":25,"f:144:42:144:43":5,"s:144:49:144:Infinity":26,"b:152:25:152:Infinity:153:28:165:Infinity":7,"f:161:46:161:47":6,"s:161:53:161:Infinity":27,"f:173:42:173:43":7,"s:173:49:173:Infinity":28,"b:181:25:181:Infinity:182:28:200:Infinity":8,"b:185:82:185:129:185:129:185:169":9,"b:189:40:189:Infinity:191:40:191:Infinity":10,"b:194:37:194:Infinity:195:40:197:Infinity":11,"b:206:42:206:65:206:65:206:Infinity":12,"b:210:36:210:Infinity:212:36:212:Infinity":13,"b:218:42:218:60:218:60:218:83:218:83:218:Infinity":14,"b:221:63:221:77:221:77:221:Infinity":15}}}
,"/Users/leon/pulsartests-1/pulsar-manager-react/src/pages/Tenants.tsx": {"path":"/Users/leon/pulsartests-1/pulsar-manager-react/src/pages/Tenants.tsx","statementMap":{"0":{"start":{"line":9,"column":46},"end":{"line":9,"column":null}},"1":{"start":{"line":10,"column":10},"end":{"line":10,"column":null}},"2":{"start":{"line":11,"column":10},"end":{"line":11,"column":null}},"3":{"start":{"line":12,"column":36},"end":{"line":12,"column":null}},"4":{"start":{"line":13,"column":42},"end":{"line":13,"column":null}},"5":{"start":{"line":15,"column":25},"end":{"line":28,"column":null}},"6":{"start":{"line":16,"column":8},"end":{"line":19,"column":null}},"7":{"start":{"line":17,"column":12},"end":{"line":17,"column":null}},"8":{"start":{"line":18,"column":12},"end":{"line":18,"column":null}},"9":{"start":{"line":20,"column":8},"end":{"line":27,"column":null}},"10":{"start":{"line":21,"column":12},"end":{"line":21,"column":null}},"11":{"start":{"line":22,"column":12},"end":{"line":22,"column":null}},"12":{"start":{"line":23,"column":12},"end":{"line":23,"column":null}},"13":{"start":{"line":24,"column":12},"end":{"line":24,"column":null}},"14":{"start":{"line":26,"column":12},"end":{"line":26,"column":null}},"15":{"start":{"line":30,"column":25},"end":{"line":38,"column":null}},"16":{"start":{"line":31,"column":8},"end":{"line":31,"column":null}},"17":{"start":{"line":31,"column":75},"end":{"line":31,"column":null}},"18":{"start":{"line":32,"column":8},"end":{"line":37,"column":null}},"19":{"start":{"line":33,"column":12},"end":{"line":33,"column":null}},"20":{"start":{"line":34,"column":12},"end":{"line":34,"column":null}},"21":{"start":{"line":36,"column":12},"end":{"line":36,"column":null}},"22":{"start":{"line":40,"column":23},"end":{"line":44,"column":null}},"23":{"start":{"line":41,"column":8},"end":{"line":41,"column":null}},"24":{"start":{"line":41,"column":29},"end":{"line":41,"column":null}},"25":{"start":{"line":42,"column":8},"end":{"line":42,"column":null}},"26":{"start":{"line":42,"column":26},"end":{"line":42,"column":null}},"27":{"start":{"line":43,"column":8},"end":{"line":43,"column":null}},"28":{"start":{"line":46,"column":4},"end":{"line":166,"column":null}},"29":{"start":{"line":55,"column":39},"end":{"line":55,"column":null}},"30":{"start":{"line":61,"column":39},"end":{"line":61,"column":null}},"31":{"start":{"line":81,"column":45},"end":{"line":81,"column":null}},"32":{"start":{"line":93,"column":43},"end":{"line":93,"column":null}},"33":{"start":{"line":105,"column":24},"end":{"line":105,"column":null}},"34":{"start":{"line":109,"column":24},"end":{"line":162,"column":null}},"35":{"start":{"line":123,"column":51},"end":{"line":123,"column":null}}},"fnMap":{"0":{"name":"TenantsPage","decl":{"start":{"line":8,"column":24},"end":{"line":8,"column":38}},"loc":{"start":{"line":8,"column":38},"end":{"line":168,"column":null}},"line":8},"1":{"name":"(anonymous_1)","decl":{"start":{"line":15,"column":25},"end":{"line":15,"column":37}},"loc":{"start":{"line":15,"column":37},"end":{"line":28,"column":null}},"line":15},"2":{"name":"(anonymous_2)","decl":{"start":{"line":30,"column":25},"end":{"line":30,"column":32}},"loc":{"start":{"line":30,"column":49},"end":{"line":38,"column":null}},"line":30},"3":{"name":"(anonymous_3)","decl":{"start":{"line":40,"column":23},"end":{"line":40,"column":24}},"loc":{"start":{"line":40,"column":41},"end":{"line":44,"column":null}},"line":40},"4":{"name":"(anonymous_4)","decl":{"start":{"line":55,"column":33},"end":{"line":55,"column":39}},"loc":{"start":{"line":55,"column":39},"end":{"line":55,"column":null}},"line":55},"5":{"name":"(anonymous_5)","decl":{"start":{"line":61,"column":33},"end":{"line":61,"column":39}},"loc":{"start":{"line":61,"column":39},"end":{"line":61,"column":null}},"line":61},"6":{"name":"(anonymous_6)","decl":{"start":{"line":81,"column":38},"end":{"line":81,"column":39}},"loc":{"start":{"line":81,"column":45},"end":{"line":81,"column":null}},"line":81},"7":{"name":"(anonymous_7)","decl":{"start":{"line":93,"column":37},"end":{"line":93,"column":43}},"loc":{"start":{"line":93,"column":43},"end":{"line":93,"column":null}},"line":93},"8":{"name":"(anonymous_8)","decl":{"start":{"line":104,"column":50},"end":{"line":104,"column":51}},"loc":{"start":{"line":105,"column":24},"end":{"line":105,"column":null}},"line":105},"9":{"name":"(anonymous_9)","decl":{"start":{"line":108,"column":33},"end":{"line":108,"column":34}},"loc":{"start":{"line":109,"column":24},"end":{"line":162,"column":null}},"line":109},"10":{"name":"(anonymous_10)","decl":{"start":{"line":123,"column":45},"end":{"line":123,"column":51}},"loc":{"start":{"line":123,"column":51},"end":{"line":123,"column":null}},"line":123}},"branchMap":{"0":{"loc":{"start":{"line":16,"column":8},"end":{"line":19,"column":null}},"type":"if","locations":[{"start":{"line":16,"column":8},"end":{"line":19,"column":null}},{"start":{},"end":{}}],"line":16},"1":{"loc":{"start":{"line":31,"column":8},"end":{"line":31,"column":null}},"type":"if","locations":[{"start":{"line":31,"column":8},"end":{"line":31,"column":null}},{"start":{},"end":{}}],"line":31},"2":{"loc":{"start":{"line":41,"column":8},"end":{"line":41,"column":null}},"type":"if","locations":[{"start":{"line":41,"column":8},"end":{"line":41,"column":null}},{"start":{},"end":{}}],"line":41},"3":{"loc":{"start":{"line":42,"column":8},"end":{"line":42,"column":null}},"type":"if","locations":[{"start":{"line":42,"column":8},"end":{"line":42,"column":null}},{"start":{},"end":{}}],"line":42},"4":{"loc":{"start":{"line":58,"column":57},"end":{"line":58,"column":90}},"type":"cond-expr","locations":[{"start":{"line":58,"column":69},"end":{"line":58,"column":86}},{"start":{"line":58,"column":86},"end":{"line":58,"column":90}}],"line":58},"5":{"loc":{"start":{"line":70,"column":13},"end":{"line":99,"column":null}},"type":"binary-expr","locations":[{"start":{"line":70,"column":13},"end":{"line":70,"column":null}},{"start":{"line":71,"column":16},"end":{"line":99,"column":null}}],"line":70},"6":{"loc":{"start":{"line":90,"column":29},"end":{"line":90,"column":null}},"type":"cond-expr","locations":[{"start":{"line":90,"column":54},"end":{"line":90,"column":70}},{"start":{"line":90,"column":70},"end":{"line":90,"column":null}}],"line":90},"7":{"loc":{"start":{"line":103,"column":17},"end":{"line":163,"column":null}},"type":"cond-expr","locations":[{"start":{"line":104,"column":20},"end":{"line":106,"column":null}},{"start":{"line":108,"column":20},"end":{"line":163,"column":null}}],"line":103}},"s":{"0":27,"1":27,"2":27,"3":27,"4":27,"5":27,"6":2,"7":1,"8":1,"9":1,"10":1,"11":1,"12":1,"13":1,"14":0,"15":27,"16":1,"17":0,"18":1,"19":1,"20":1,"21":0,"22":27,"23":36,"24":0,"25":36,"26":0,"27":36,"28":27,"29":0,"30":4,"31":1,"32":1,"33":54,"34":18,"35":1},"f":{"0":27,"1":2,"2":1,"3":36,"4":0,"5":4,"6":1,"7":1,"8":54,"9":18,"10":1},"b":{"0":[1,1],"1":[0,1],"2":[0,36],"3":[0,36],"4":[18,9],"5":[27,5],"6":[0,5],"7":[18,9]},"meta":{"lastBranch":8,"lastFunction":11,"lastStatement":36,"seen":{"f:8:24:8:38":0,"s:9:46:9:Infinity":0,"s:10:10:10:Infinity":1,"s:11:10:11:Infinity":2,"s:12:36:12:Infinity":3,"s:13:42:13:Infinity":4,"s:15:25:28:Infinity":5,"f:15:25:15:37":1,"b:16:8:19:Infinity:undefined:undefined:undefined:undefined":0,"s:16:8:19:Infinity":6,"s:17:12:17:Infinity":7,"s:18:12:18:Infinity":8,"s:20:8:27:Infinity":9,"s:21:12:21:Infinity":10,"s:22:12:22:Infinity":11,"s:23:12:23:Infinity":12,"s:24:12:24:Infinity":13,"s:26:12:26:Infinity":14,"s:30:25:38:Infinity":15,"f:30:25:30:32":2,"b:31:8:31:Infinity:undefined:undefined:undefined:undefined":1,"s:31:8:31:Infinity":16,"s:31:75:31:Infinity":17,"s:32:8:37:Infinity":18,"s:33:12:33:Infinity":19,"s:34:12:34:Infinity":20,"s:36:12:36:Infinity":21,"s:40:23:44:Infinity":22,"f:40:23:40:24":3,"b:41:8:41:Infinity:undefined:undefined:undefined:undefined":2,"s:41:8:41:Infinity":23,"s:41:29:41:Infinity":24,"b:42:8:42:Infinity:undefined:undefined:undefined:undefined":3,"s:42:8:42:Infinity":25,"s:42:26:42:Infinity":26,"s:43:8:43:Infinity":27,"s:46:4:166:Infinity":28,"f:55:33:55:39":4,"s:55:39:55:Infinity":29,"b:58:69:58:86:58:86:58:90":4,"f:61:33:61:39":5,"s:61:39:61:Infinity":30,"b:70:13:70:Infinity:71:16:99:Infinity":5,"f:81:38:81:39":6,"s:81:45:81:Infinity":31,"b:90:54:90:70:90:70:90:Infinity":6,"f:93:37:93:43":7,"s:93:43:93:Infinity":32,"b:104:20:106:Infinity:108:20:163:Infinity":7,"f:104:50:104:51":8,"s:105:24:105:Infinity":33,"f:108:33:108:34":9,"s:109:24:162:Infinity":34,"f:123:45:123:51":10,"s:123:51:123:Infinity":35}}}
}
